Using pre-set license
Built from '2020.3/staging' branch; Version is '2020.3.9f1 (108be757e447) revision 1084391'; Using compiler version '192528614'; Build Type 'Release'
OS: 'Windows 10 Education; OS build 18363.1621; Version 1909; 64bit' Language: 'en' Physical Memory: 8129 MB
BatchMode: 1, IsHumanControllingUs: 0, StartBugReporterOnCrash: 0, Is64bit: 1, IsPro: 0

 COMMAND LINE ARGUMENTS:
C:\Program Files\Unity\Hub\Editor\2020.3.9f1\Editor\Unity.exe
-adb2
-batchMode
-noUpm
-name
AssetImportWorker1
-projectPath
C:/Users/deany/OneDrive/文件/GitHub/unity_sunnyland/Sunnyland
-logFile
Logs/AssetImportWorker1.log
-srvPort
1503
Successfully changed project path to: C:/Users/deany/OneDrive/文件/GitHub/unity_sunnyland/Sunnyland
C:/Users/deany/OneDrive/文件/GitHub/unity_sunnyland/Sunnyland
Using Asset Import Pipeline V2.
Refreshing native plugins compatible for Editor in 62.57 ms, found 1 plugins.
Preloading 0 native plugins for Editor in 0.00 ms.
Initialize engine version: 2020.3.9f1 (108be757e447)
[Subsystems] Discovering subsystems at path C:/Program Files/Unity/Hub/Editor/2020.3.9f1/Editor/Data/Resources/UnitySubsystems
[Subsystems] Discovering subsystems at path C:/Users/deany/OneDrive/文件/GitHub/unity_sunnyland/Sunnyland/Assets
GfxDevice: creating device client; threaded=0
Direct3D:
    Version:  Direct3D 11.0 [level 11.0]
    Renderer: NVIDIA GeForce GTX 760 (ID=0x1187)
    Vendor:   
    VRAM:     2007 MB
    Driver:   27.21.14.6140
Initialize mono
Mono path[0] = 'C:/Program Files/Unity/Hub/Editor/2020.3.9f1/Editor/Data/Managed'
Mono path[1] = 'C:/Program Files/Unity/Hub/Editor/2020.3.9f1/Editor/Data/MonoBleedingEdge/lib/mono/unityjit'
Mono config path = 'C:/Program Files/Unity/Hub/Editor/2020.3.9f1/Editor/Data/MonoBleedingEdge/etc'
Using monoOptions --debugger-agent=transport=dt_socket,embedding=1,server=y,suspend=n,address=127.0.0.1:56420
Begin MonoManager ReloadAssembly
Registering precompiled unity dll's ...
Register platform support module: C:/Program Files/Unity/Hub/Editor/2020.3.9f1/Editor/Data/PlaybackEngines/WindowsStandaloneSupport/UnityEditor.WindowsStandalone.Extensions.dll
Registered in 0.001512 seconds.
Native extension for WindowsStandalone target not found
Refreshing native plugins compatible for Editor in 51.40 ms, found 1 plugins.
Preloading 0 native plugins for Editor in 0.00 ms.
Mono: successfully reloaded assembly
- Completed reload, in  1.687 seconds
Platform modules already initialized, skipping
Registering precompiled user dll's ...
Registered in 0.001026 seconds.
Begin MonoManager ReloadAssembly
Native extension for WindowsStandalone target not found
Refreshing native plugins compatible for Editor in 48.37 ms, found 1 plugins.
Preloading 0 native plugins for Editor in 0.00 ms.
Mono: successfully reloaded assembly
- Completed reload, in  3.496 seconds
Platform modules already initialized, skipping
========================================================================
Worker process is ready to serve import requests
Launched and connected shader compiler UnityShaderCompiler.exe after 0.12 seconds
Refreshing native plugins compatible for Editor in 0.52 ms, found 1 plugins.
Preloading 0 native plugins for Editor in 0.00 ms.
Unloading 1967 Unused Serialized files (Serialized files now loaded: 0)
System memory in use before: 92.0 MB.
System memory in use after: 92.1 MB.

Unloading 20 unused Assets to reduce memory usage. Loaded Objects now: 2415.
Total: 3.279100 ms (FindLiveObjects: 0.395300 ms CreateObjectMapping: 0.227400 ms MarkObjects: 2.537700 ms  DeleteObjects: 0.117300 ms)

========================================================================
Received Prepare
Registering precompiled user dll's ...
Registered in 0.001230 seconds.
Begin MonoManager ReloadAssembly
Native extension for WindowsStandalone target not found
Refreshing native plugins compatible for Editor in 0.85 ms, found 1 plugins.
Preloading 0 native plugins for Editor in 0.00 ms.
Mono: successfully reloaded assembly
- Completed reload, in  1.056 seconds
Platform modules already initialized, skipping
Refreshing native plugins compatible for Editor in 0.70 ms, found 1 plugins.
Preloading 0 native plugins for Editor in 0.00 ms.
Unloading 1943 Unused Serialized files (Serialized files now loaded: 0)
System memory in use before: 90.2 MB.
System memory in use after: 90.3 MB.

Unloading 9 unused Assets to reduce memory usage. Loaded Objects now: 2418.
Total: 2.376700 ms (FindLiveObjects: 0.253100 ms CreateObjectMapping: 0.161500 ms MarkObjects: 1.942900 ms  DeleteObjects: 0.017800 ms)

========================================================================
Received Prepare
Registering precompiled user dll's ...
Registered in 0.001300 seconds.
Begin MonoManager ReloadAssembly
Native extension for WindowsStandalone target not found
Refreshing native plugins compatible for Editor in 0.57 ms, found 1 plugins.
Preloading 0 native plugins for Editor in 0.00 ms.
Mono: successfully reloaded assembly
- Completed reload, in  1.131 seconds
Platform modules already initialized, skipping
Refreshing native plugins compatible for Editor in 0.86 ms, found 1 plugins.
Preloading 0 native plugins for Editor in 0.00 ms.
Unloading 1943 Unused Serialized files (Serialized files now loaded: 0)
System memory in use before: 90.2 MB.
System memory in use after: 90.3 MB.

Unloading 9 unused Assets to reduce memory usage. Loaded Objects now: 2421.
Total: 2.735900 ms (FindLiveObjects: 0.232400 ms CreateObjectMapping: 0.084600 ms MarkObjects: 2.385200 ms  DeleteObjects: 0.032400 ms)

========================================================================
Received Prepare
Registering precompiled user dll's ...
Registered in 0.001153 seconds.
Begin MonoManager ReloadAssembly
Native extension for WindowsStandalone target not found
Refreshing native plugins compatible for Editor in 0.65 ms, found 1 plugins.
Preloading 0 native plugins for Editor in 0.00 ms.
Mono: successfully reloaded assembly
- Completed reload, in  0.968 seconds
Platform modules already initialized, skipping
Refreshing native plugins compatible for Editor in 0.50 ms, found 1 plugins.
Preloading 0 native plugins for Editor in 0.00 ms.
Unloading 1943 Unused Serialized files (Serialized files now loaded: 0)
System memory in use before: 90.2 MB.
System memory in use after: 90.3 MB.

Unloading 9 unused Assets to reduce memory usage. Loaded Objects now: 2424.
Total: 1.882800 ms (FindLiveObjects: 0.196700 ms CreateObjectMapping: 0.078600 ms MarkObjects: 1.589000 ms  DeleteObjects: 0.017300 ms)

========================================================================
Received Prepare
Registering precompiled user dll's ...
Registered in 0.001834 seconds.
Begin MonoManager ReloadAssembly
Native extension for WindowsStandalone target not found
Refreshing native plugins compatible for Editor in 0.52 ms, found 1 plugins.
Preloading 0 native plugins for Editor in 0.00 ms.
Mono: successfully reloaded assembly
- Completed reload, in  0.908 seconds
Platform modules already initialized, skipping
Refreshing native plugins compatible for Editor in 0.48 ms, found 1 plugins.
Preloading 0 native plugins for Editor in 0.00 ms.
Unloading 1943 Unused Serialized files (Serialized files now loaded: 0)
System memory in use before: 90.3 MB.
System memory in use after: 90.4 MB.

Unloading 9 unused Assets to reduce memory usage. Loaded Objects now: 2427.
Total: 2.038500 ms (FindLiveObjects: 0.200000 ms CreateObjectMapping: 0.079400 ms MarkObjects: 1.742600 ms  DeleteObjects: 0.015400 ms)

========================================================================
Received Prepare
Registering precompiled user dll's ...
Registered in 0.001162 seconds.
Begin MonoManager ReloadAssembly
Native extension for WindowsStandalone target not found
Refreshing native plugins compatible for Editor in 0.53 ms, found 1 plugins.
Preloading 0 native plugins for Editor in 0.00 ms.
Mono: successfully reloaded assembly
- Completed reload, in  0.954 seconds
Platform modules already initialized, skipping
Refreshing native plugins compatible for Editor in 0.54 ms, found 1 plugins.
Preloading 0 native plugins for Editor in 0.00 ms.
Unloading 1943 Unused Serialized files (Serialized files now loaded: 0)
System memory in use before: 90.3 MB.
System memory in use after: 90.4 MB.

Unloading 9 unused Assets to reduce memory usage. Loaded Objects now: 2430.
Total: 2.460400 ms (FindLiveObjects: 0.244100 ms CreateObjectMapping: 0.151300 ms MarkObjects: 2.046200 ms  DeleteObjects: 0.017500 ms)

========================================================================
Received Import Request.
  path: Assets/Materials/Ground.physicsMaterial2D
  artifactKey: Guid(03ead3a0597a7544b86aa13dcdff503c) Importer(815301076,1909f56bfc062723c751e8b465ee728b)
Start importing Assets/Materials/Ground.physicsMaterial2D using Guid(03ead3a0597a7544b86aa13dcdff503c) Importer(815301076,1909f56bfc062723c751e8b465ee728b)  -> (artifact id: '89747de8715a9bb86c23689abd7bfe3d') in 0.069716 seconds
  Import took 0.074429 seconds .

========================================================================
Received Prepare
Registering precompiled user dll's ...
Registered in 0.001144 seconds.
Begin MonoManager ReloadAssembly
Native extension for WindowsStandalone target not found
Refreshing native plugins compatible for Editor in 0.53 ms, found 1 plugins.
Preloading 0 native plugins for Editor in 0.00 ms.
Mono: successfully reloaded assembly
- Completed reload, in  0.982 seconds
Platform modules already initialized, skipping
Refreshing native plugins compatible for Editor in 0.58 ms, found 1 plugins.
Preloading 0 native plugins for Editor in 0.00 ms.
Unloading 1943 Unused Serialized files (Serialized files now loaded: 0)
System memory in use before: 90.3 MB.
System memory in use after: 90.4 MB.

Unloading 9 unused Assets to reduce memory usage. Loaded Objects now: 2433.
Total: 2.480700 ms (FindLiveObjects: 0.234300 ms CreateObjectMapping: 0.173300 ms MarkObjects: 2.046800 ms  DeleteObjects: 0.025400 ms)

========================================================================
Received Prepare
Registering precompiled user dll's ...
Registered in 0.001401 seconds.
Begin MonoManager ReloadAssembly
Native extension for WindowsStandalone target not found
Refreshing native plugins compatible for Editor in 0.73 ms, found 1 plugins.
Preloading 0 native plugins for Editor in 0.00 ms.
Mono: successfully reloaded assembly
- Completed reload, in  1.052 seconds
Platform modules already initialized, skipping
Refreshing native plugins compatible for Editor in 0.58 ms, found 1 plugins.
Preloading 0 native plugins for Editor in 0.00 ms.
Unloading 1943 Unused Serialized files (Serialized files now loaded: 0)
System memory in use before: 90.3 MB.
System memory in use after: 90.4 MB.

Unloading 9 unused Assets to reduce memory usage. Loaded Objects now: 2436.
Total: 2.919200 ms (FindLiveObjects: 0.435900 ms CreateObjectMapping: 0.214000 ms MarkObjects: 2.242300 ms  DeleteObjects: 0.025700 ms)

========================================================================
Received Import Request.
  Time since last request: 228.819835 seconds.
  path: Assets/Scenes/SampleScene.unity
  artifactKey: Guid(2cda990e2423bbf4892e6590ba056729) Importer(815301076,1909f56bfc062723c751e8b465ee728b)
Start importing Assets/Scenes/SampleScene.unity using Guid(2cda990e2423bbf4892e6590ba056729) Importer(815301076,1909f56bfc062723c751e8b465ee728b)  -> (artifact id: 'f69030cda2af6241760eeeb7da416fb4') in 0.023546 seconds
  Import took 0.028890 seconds .

========================================================================
Received Import Request.
  Time since last request: 0.927525 seconds.
  path: Assets/Scenes/LevelComplete.unity
  artifactKey: Guid(3fc64911fb2e0c54a8a598661f25fd3b) Importer(815301076,1909f56bfc062723c751e8b465ee728b)
Start importing Assets/Scenes/LevelComplete.unity using Guid(3fc64911fb2e0c54a8a598661f25fd3b) Importer(815301076,1909f56bfc062723c751e8b465ee728b)  -> (artifact id: 'e90ad6a0be3c2083d84b5be817c31f88') in 0.010500 seconds
  Import took 0.015231 seconds .

========================================================================
Received Import Request.
  Time since last request: 20.447997 seconds.
  path: Assets/Materials
  artifactKey: Guid(9b2d0169efbbd864d8eda2e364cfb2b6) Importer(815301076,1909f56bfc062723c751e8b465ee728b)
Start importing Assets/Materials using Guid(9b2d0169efbbd864d8eda2e364cfb2b6) Importer(815301076,1909f56bfc062723c751e8b465ee728b)  -> (artifact id: '44d3c816834a0f82a0c31de37a93bf18') in 0.012783 seconds
  Import took 0.017736 seconds .

========================================================================
Received Import Request.
  Time since last request: 27.845615 seconds.
  path: Assets/Scenes/TitleScene.unity
  artifactKey: Guid(3fc64911fb2e0c54a8a598661f25fd3b) Importer(815301076,1909f56bfc062723c751e8b465ee728b)
Start importing Assets/Scenes/TitleScene.unity using Guid(3fc64911fb2e0c54a8a598661f25fd3b) Importer(815301076,1909f56bfc062723c751e8b465ee728b)  -> (artifact id: 'fe785232a88d298157bec427324b15f2') in 0.012714 seconds
  Import took 0.016716 seconds .

========================================================================
Received Import Request.
  Time since last request: 908.179637 seconds.
  path: Assets/Retro_Sound_Pack/MusMus-BGM-095.mp3
  artifactKey: Guid(202e44c1429afc446b8234401fbc336c) Importer(815301076,1909f56bfc062723c751e8b465ee728b)
Start importing Assets/Retro_Sound_Pack/MusMus-BGM-095.mp3 using Guid(202e44c1429afc446b8234401fbc336c) Importer(815301076,1909f56bfc062723c751e8b465ee728b)  -> (artifact id: '5fd34644fc82c4d4918990c3e0601473') in 0.126681 seconds
  Import took 0.130790 seconds .

========================================================================
Received Import Request.
  Time since last request: 6.319259 seconds.
  path: Assets/Retro_Sound_Pack/MusMus-BGM-097.mp3
  artifactKey: Guid(8f94c6e283486d34eb247687f334b483) Importer(815301076,1909f56bfc062723c751e8b465ee728b)
Start importing Assets/Retro_Sound_Pack/MusMus-BGM-097.mp3 using Guid(8f94c6e283486d34eb247687f334b483) Importer(815301076,1909f56bfc062723c751e8b465ee728b)  -> (artifact id: '1dcbb3458c0ce91d09705b1a5e0e0fd7') in 0.018316 seconds
  Import took 0.022138 seconds .

========================================================================
Received Import Request.
  Time since last request: 6.088726 seconds.
  path: Assets/Retro_Sound_Pack/MusMus-BGM-098.mp3
  artifactKey: Guid(dd7d092e5f47a5a45a5ead8bbbddfc2b) Importer(815301076,1909f56bfc062723c751e8b465ee728b)
Start importing Assets/Retro_Sound_Pack/MusMus-BGM-098.mp3 using Guid(dd7d092e5f47a5a45a5ead8bbbddfc2b) Importer(815301076,1909f56bfc062723c751e8b465ee728b)  -> (artifact id: '7cc13fee8297e8ff892bbc82475b9976') in 0.035920 seconds
  Import took 0.039974 seconds .

========================================================================
Received Import Request.
  Time since last request: 202.954159 seconds.
  path: Assets/Scenes/SampleScene.unity
  artifactKey: Guid(2cda990e2423bbf4892e6590ba056729) Importer(815301076,1909f56bfc062723c751e8b465ee728b)
Start importing Assets/Scenes/SampleScene.unity using Guid(2cda990e2423bbf4892e6590ba056729) Importer(815301076,1909f56bfc062723c751e8b465ee728b)  -> (artifact id: 'e8eee25f6579224901aa93f929819bf4') in 0.005719 seconds
  Import took 0.011090 seconds .

========================================================================
Received Import Request.
  Time since last request: 37.673335 seconds.
  path: Assets/Scenes/Level Selection.unity
  artifactKey: Guid(2ae3577372162a34a8768277484fcec1) Importer(815301076,1909f56bfc062723c751e8b465ee728b)
Start importing Assets/Scenes/Level Selection.unity using Guid(2ae3577372162a34a8768277484fcec1) Importer(815301076,1909f56bfc062723c751e8b465ee728b)  -> (artifact id: '342943be6a0642b1ad7f51dec5df6741') in 0.012637 seconds
  Import took 0.018652 seconds .

========================================================================
Received Import Request.
  Time since last request: 7.596981 seconds.
  path: Assets/Scenes/LevelSelection.unity
  artifactKey: Guid(2ae3577372162a34a8768277484fcec1) Importer(815301076,1909f56bfc062723c751e8b465ee728b)
Start importing Assets/Scenes/LevelSelection.unity using Guid(2ae3577372162a34a8768277484fcec1) Importer(815301076,1909f56bfc062723c751e8b465ee728b)  -> (artifact id: '0130bf74d861fd4ae1fd581b74dae1ba') in 0.010573 seconds
  Import took 0.014294 seconds .

AssetImportWorkerClient::OnTransportError - code=2 error=End of file
