Using pre-set license
Built from '2020.3/staging' branch; Version is '2020.3.9f1 (108be757e447) revision 1084391'; Using compiler version '192528614'; Build Type 'Release'
OS: 'Windows 10 Education; OS build 18363.1621; Version 1909; 64bit' Language: 'en' Physical Memory: 8129 MB
BatchMode: 1, IsHumanControllingUs: 0, StartBugReporterOnCrash: 0, Is64bit: 1, IsPro: 0

 COMMAND LINE ARGUMENTS:
C:\Program Files\Unity\Hub\Editor\2020.3.9f1\Editor\Unity.exe
-adb2
-batchMode
-noUpm
-name
AssetImportWorker0
-projectPath
C:/Users/deany/OneDrive/文件/GitHub/unity_sunnyland/Sunnyland
-logFile
Logs/AssetImportWorker0.log
-srvPort
2706
Successfully changed project path to: C:/Users/deany/OneDrive/文件/GitHub/unity_sunnyland/Sunnyland
C:/Users/deany/OneDrive/文件/GitHub/unity_sunnyland/Sunnyland
Using Asset Import Pipeline V2.
Refreshing native plugins compatible for Editor in 46.07 ms, found 1 plugins.
Preloading 0 native plugins for Editor in 0.00 ms.
Initialize engine version: 2020.3.9f1 (108be757e447)
[Subsystems] Discovering subsystems at path C:/Program Files/Unity/Hub/Editor/2020.3.9f1/Editor/Data/Resources/UnitySubsystems
[Subsystems] Discovering subsystems at path C:/Users/deany/OneDrive/文件/GitHub/unity_sunnyland/Sunnyland/Assets
GfxDevice: creating device client; threaded=0
Direct3D:
    Version:  Direct3D 11.0 [level 11.0]
    Renderer: NVIDIA GeForce GTX 760 (ID=0x1187)
    Vendor:   
    VRAM:     2007 MB
    Driver:   27.21.14.6140
Initialize mono
Mono path[0] = 'C:/Program Files/Unity/Hub/Editor/2020.3.9f1/Editor/Data/Managed'
Mono path[1] = 'C:/Program Files/Unity/Hub/Editor/2020.3.9f1/Editor/Data/MonoBleedingEdge/lib/mono/unityjit'
Mono config path = 'C:/Program Files/Unity/Hub/Editor/2020.3.9f1/Editor/Data/MonoBleedingEdge/etc'
Using monoOptions --debugger-agent=transport=dt_socket,embedding=1,server=y,suspend=n,address=127.0.0.1:56524
Begin MonoManager ReloadAssembly
Registering precompiled unity dll's ...
Register platform support module: C:/Program Files/Unity/Hub/Editor/2020.3.9f1/Editor/Data/PlaybackEngines/WindowsStandaloneSupport/UnityEditor.WindowsStandalone.Extensions.dll
Registered in 0.002631 seconds.
Native extension for WindowsStandalone target not found
Refreshing native plugins compatible for Editor in 99.40 ms, found 1 plugins.
Preloading 0 native plugins for Editor in 0.00 ms.
Mono: successfully reloaded assembly
- Completed reload, in  2.352 seconds
Platform modules already initialized, skipping
Registering precompiled user dll's ...
Registered in 0.003299 seconds.
Begin MonoManager ReloadAssembly
Native extension for WindowsStandalone target not found
Refreshing native plugins compatible for Editor in 54.16 ms, found 1 plugins.
Preloading 0 native plugins for Editor in 0.00 ms.
Mono: successfully reloaded assembly
- Completed reload, in  1.222 seconds
Platform modules already initialized, skipping
========================================================================
Worker process is ready to serve import requests
Launched and connected shader compiler UnityShaderCompiler.exe after 0.05 seconds
Refreshing native plugins compatible for Editor in 0.66 ms, found 1 plugins.
Preloading 0 native plugins for Editor in 0.00 ms.
Unloading 1954 Unused Serialized files (Serialized files now loaded: 0)
System memory in use before: 89.9 MB.
System memory in use after: 90.0 MB.

Unloading 20 unused Assets to reduce memory usage. Loaded Objects now: 2402.
Total: 2.455100 ms (FindLiveObjects: 0.250000 ms CreateObjectMapping: 0.080700 ms MarkObjects: 2.044300 ms  DeleteObjects: 0.079100 ms)

========================================================================
Received Import Request.
  path: Assets/Scripts/CameraController.cs
  artifactKey: Guid(43efcf67bedecc64eb32f1b16a22661f) Importer(815301076,1909f56bfc062723c751e8b465ee728b)
Start importing Assets/Scripts/CameraController.cs using Guid(43efcf67bedecc64eb32f1b16a22661f) Importer(815301076,1909f56bfc062723c751e8b465ee728b)  -> (artifact id: 'fadd481c9dcdff3c2a37b7fd767bcc8b') in 0.043600 seconds
  Import took 0.047635 seconds .

========================================================================
Received Prepare
Registering precompiled user dll's ...
Registered in 0.001042 seconds.
Begin MonoManager ReloadAssembly
Native extension for WindowsStandalone target not found
Refreshing native plugins compatible for Editor in 0.47 ms, found 1 plugins.
Preloading 0 native plugins for Editor in 0.00 ms.
Mono: successfully reloaded assembly
- Completed reload, in  0.910 seconds
Platform modules already initialized, skipping
Refreshing native plugins compatible for Editor in 0.51 ms, found 1 plugins.
Preloading 0 native plugins for Editor in 0.00 ms.
Unloading 1943 Unused Serialized files (Serialized files now loaded: 0)
System memory in use before: 89.3 MB.
System memory in use after: 89.4 MB.

Unloading 9 unused Assets to reduce memory usage. Loaded Objects now: 2405.
Total: 2.217400 ms (FindLiveObjects: 0.263500 ms CreateObjectMapping: 0.077500 ms MarkObjects: 1.851300 ms  DeleteObjects: 0.024300 ms)

========================================================================
Received Prepare
Registering precompiled user dll's ...
Registered in 0.001003 seconds.
Begin MonoManager ReloadAssembly
Native extension for WindowsStandalone target not found
Refreshing native plugins compatible for Editor in 0.50 ms, found 1 plugins.
Preloading 0 native plugins for Editor in 0.00 ms.
Mono: successfully reloaded assembly
- Completed reload, in  0.898 seconds
Platform modules already initialized, skipping
Refreshing native plugins compatible for Editor in 0.52 ms, found 1 plugins.
Preloading 0 native plugins for Editor in 0.00 ms.
Unloading 1943 Unused Serialized files (Serialized files now loaded: 0)
System memory in use before: 89.4 MB.
System memory in use after: 89.5 MB.

Unloading 9 unused Assets to reduce memory usage. Loaded Objects now: 2408.
Total: 2.140700 ms (FindLiveObjects: 0.228400 ms CreateObjectMapping: 0.101700 ms MarkObjects: 1.785500 ms  DeleteObjects: 0.024100 ms)

========================================================================
Received Prepare
Registering precompiled user dll's ...
Registered in 0.001209 seconds.
Begin MonoManager ReloadAssembly
Native extension for WindowsStandalone target not found
Refreshing native plugins compatible for Editor in 0.83 ms, found 1 plugins.
Preloading 0 native plugins for Editor in 0.00 ms.
Mono: successfully reloaded assembly
- Completed reload, in  1.201 seconds
Platform modules already initialized, skipping
Refreshing native plugins compatible for Editor in 0.85 ms, found 1 plugins.
Preloading 0 native plugins for Editor in 0.00 ms.
Unloading 1943 Unused Serialized files (Serialized files now loaded: 0)
System memory in use before: 89.4 MB.
System memory in use after: 89.5 MB.

Unloading 9 unused Assets to reduce memory usage. Loaded Objects now: 2411.
Total: 2.762300 ms (FindLiveObjects: 0.365400 ms CreateObjectMapping: 0.094600 ms MarkObjects: 2.274700 ms  DeleteObjects: 0.025600 ms)

========================================================================
Received Prepare
Registering precompiled user dll's ...
Registered in 0.001695 seconds.
Begin MonoManager ReloadAssembly
Native extension for WindowsStandalone target not found
Refreshing native plugins compatible for Editor in 0.63 ms, found 1 plugins.
Preloading 0 native plugins for Editor in 0.00 ms.
Mono: successfully reloaded assembly
- Completed reload, in  1.503 seconds
Platform modules already initialized, skipping
Refreshing native plugins compatible for Editor in 0.90 ms, found 1 plugins.
Preloading 0 native plugins for Editor in 0.00 ms.
Unloading 1943 Unused Serialized files (Serialized files now loaded: 0)
System memory in use before: 89.4 MB.
System memory in use after: 89.5 MB.

Unloading 9 unused Assets to reduce memory usage. Loaded Objects now: 2414.
Total: 3.315100 ms (FindLiveObjects: 0.487000 ms CreateObjectMapping: 0.281800 ms MarkObjects: 2.527600 ms  DeleteObjects: 0.017500 ms)

========================================================================
Received Import Request.
  Time since last request: 682.075527 seconds.
  path: Assets/Scenes/LevelComplete.unity
  artifactKey: Guid(3fc64911fb2e0c54a8a598661f25fd3b) Importer(815301076,1909f56bfc062723c751e8b465ee728b)
Start importing Assets/Scenes/LevelComplete.unity using Guid(3fc64911fb2e0c54a8a598661f25fd3b) Importer(815301076,1909f56bfc062723c751e8b465ee728b)  -> (artifact id: 'a5a8f17dfc61947d02ae393485995ec8') in 0.027749 seconds
  Import took 0.032772 seconds .

========================================================================
Received Import Request.
  Time since last request: 261.667824 seconds.
  path: Assets/Scenes/LevelComplete.unity
  artifactKey: Guid(3fc64911fb2e0c54a8a598661f25fd3b) Importer(815301076,1909f56bfc062723c751e8b465ee728b)
Start importing Assets/Scenes/LevelComplete.unity using Guid(3fc64911fb2e0c54a8a598661f25fd3b) Importer(815301076,1909f56bfc062723c751e8b465ee728b)  -> (artifact id: 'e90ad6a0be3c2083d84b5be817c31f88') in 0.004566 seconds
  Import took 0.009867 seconds .

========================================================================
Received Import Request.
  Time since last request: 2.933652 seconds.
  path: Assets/Scenes/SampleScene.unity
  artifactKey: Guid(2cda990e2423bbf4892e6590ba056729) Importer(815301076,1909f56bfc062723c751e8b465ee728b)
Start importing Assets/Scenes/SampleScene.unity using Guid(2cda990e2423bbf4892e6590ba056729) Importer(815301076,1909f56bfc062723c751e8b465ee728b)  -> (artifact id: '8e3dcecc89be54ac4e12d162ffde2f5c') in 0.010776 seconds
  Import took 0.015258 seconds .

========================================================================
Received Import Request.
  Time since last request: 3.001162 seconds.
  path: Assets/Scenes/LevelCompleteSettings.lighting
  artifactKey: Guid(48ef663bbf84ede4d97fbfef664c2a40) Importer(815301076,1909f56bfc062723c751e8b465ee728b)
Start importing Assets/Scenes/LevelCompleteSettings.lighting using Guid(48ef663bbf84ede4d97fbfef664c2a40) Importer(815301076,1909f56bfc062723c751e8b465ee728b)  -> (artifact id: '66612588b43579ac3f1aaccd59007094') in 0.014141 seconds
  Import took 0.019214 seconds .

========================================================================
Received Import Request.
  Time since last request: 106.633802 seconds.
  path: Assets/Prefabs/Gem.prefab
  artifactKey: Guid(1b9d04bb2124f4949b55bd26a0aa797c) Importer(815301076,1909f56bfc062723c751e8b465ee728b)
Start importing Assets/Prefabs/Gem.prefab using Guid(1b9d04bb2124f4949b55bd26a0aa797c) Importer(815301076,1909f56bfc062723c751e8b465ee728b)  -> (artifact id: 'f6a71adb7b6aa7367731df93f3243657') in 0.113846 seconds
  Import took 0.117909 seconds .

========================================================================
Received Import Request.
  Time since last request: 0.000208 seconds.
  path: Assets/Sunnyland/artwork/Sprites/Items/gem/gem-4.png
  artifactKey: Guid(5f35659c40d6a435fade670c478a52b1) Importer(815301076,1909f56bfc062723c751e8b465ee728b)
Start importing Assets/Sunnyland/artwork/Sprites/Items/gem/gem-4.png using Guid(5f35659c40d6a435fade670c478a52b1) Importer(815301076,1909f56bfc062723c751e8b465ee728b)  -> (artifact id: '7c01520efa4137526a2a767c1352ac3f') in 0.087590 seconds
  Import took 0.091486 seconds .

========================================================================
Received Import Request.
  Time since last request: 0.000213 seconds.
  path: Assets/Coins Sfx/Mp3/Gems_Single/Gems_Single_02.mp3
  artifactKey: Guid(2e8b72eb22b7543049c76173012a20d1) Importer(815301076,1909f56bfc062723c751e8b465ee728b)
Start importing Assets/Coins Sfx/Mp3/Gems_Single/Gems_Single_02.mp3 using Guid(2e8b72eb22b7543049c76173012a20d1) Importer(815301076,1909f56bfc062723c751e8b465ee728b)  -> (artifact id: '3cf8eada8a6673ad444f745a9ec3f3d0') in 0.050115 seconds
  Import took 0.054510 seconds .

========================================================================
Received Import Request.
  Time since last request: 0.000233 seconds.
  path: Assets/Sunnyland/artwork/Sprites/Items/gem/gem-3.png
  artifactKey: Guid(de20f767e3f3f4aff870112daa2b2562) Importer(815301076,1909f56bfc062723c751e8b465ee728b)
Start importing Assets/Sunnyland/artwork/Sprites/Items/gem/gem-3.png using Guid(de20f767e3f3f4aff870112daa2b2562) Importer(815301076,1909f56bfc062723c751e8b465ee728b)  -> (artifact id: '45b6d706142963f8c6843f2c294703f4') in 0.033042 seconds
  Import took 0.037913 seconds .

========================================================================
Received Import Request.
  Time since last request: 0.000269 seconds.
  path: Assets/Coins Sfx/Mp3/Gems_Single/Gems_Single_03.mp3
  artifactKey: Guid(dc8ccaf2147b84fcbae665b55ef9161b) Importer(815301076,1909f56bfc062723c751e8b465ee728b)
Start importing Assets/Coins Sfx/Mp3/Gems_Single/Gems_Single_03.mp3 using Guid(dc8ccaf2147b84fcbae665b55ef9161b) Importer(815301076,1909f56bfc062723c751e8b465ee728b)  -> (artifact id: '8b6a2bc817dc04ef1e1ca8cc02705bdb') in 0.028459 seconds
  Import took 0.033037 seconds .

========================================================================
Received Import Request.
  Time since last request: 0.000219 seconds.
  path: Assets/Coins Sfx/Mp3/Gems_Single/Gems_Single_00.mp3
  artifactKey: Guid(a0dd52e4243f14b018e4f27e4dae8213) Importer(815301076,1909f56bfc062723c751e8b465ee728b)
Start importing Assets/Coins Sfx/Mp3/Gems_Single/Gems_Single_00.mp3 using Guid(a0dd52e4243f14b018e4f27e4dae8213) Importer(815301076,1909f56bfc062723c751e8b465ee728b)  -> (artifact id: 'd0780be9bc13933af4a6d74c9ccd26b1') in 0.029888 seconds
  Import took 0.034019 seconds .

========================================================================
Received Import Request.
  Time since last request: 0.000215 seconds.
  path: Assets/Sunnyland/artwork/Sprites/Items/gem/gem-5.png
  artifactKey: Guid(63fd366633d434aeb8ee3ee766305016) Importer(815301076,1909f56bfc062723c751e8b465ee728b)
Start importing Assets/Sunnyland/artwork/Sprites/Items/gem/gem-5.png using Guid(63fd366633d434aeb8ee3ee766305016) Importer(815301076,1909f56bfc062723c751e8b465ee728b)  -> (artifact id: '3a979bf78b62d631a6b28cc1e173e952') in 0.019438 seconds
  Import took 0.023581 seconds .

========================================================================
Received Import Request.
  Time since last request: 0.000234 seconds.
  path: Assets/Coins Sfx/Mp3/Gems_Single/Gems_Single_01.mp3
  artifactKey: Guid(b6210867de7794e3b997a07ef5fc3f0b) Importer(815301076,1909f56bfc062723c751e8b465ee728b)
Start importing Assets/Coins Sfx/Mp3/Gems_Single/Gems_Single_01.mp3 using Guid(b6210867de7794e3b997a07ef5fc3f0b) Importer(815301076,1909f56bfc062723c751e8b465ee728b)  -> (artifact id: '154c89edc2aa481e73f06b3d9471210a') in 0.032550 seconds
  Import took 0.037383 seconds .

========================================================================
Received Import Request.
  Time since last request: 0.000231 seconds.
  path: Assets/Coins Sfx/Mp3/Gems_Single/Gems_Single_06.mp3
  artifactKey: Guid(0facd91fe45bb453ea3e1a0e79ba52b0) Importer(815301076,1909f56bfc062723c751e8b465ee728b)
Start importing Assets/Coins Sfx/Mp3/Gems_Single/Gems_Single_06.mp3 using Guid(0facd91fe45bb453ea3e1a0e79ba52b0) Importer(815301076,1909f56bfc062723c751e8b465ee728b)  -> (artifact id: '20bdba395df61ad0e1937b86fec72ea9') in 0.029052 seconds
  Import took 0.033178 seconds .

========================================================================
Received Import Request.
  Time since last request: 0.000217 seconds.
  path: Assets/Sunnyland/artwork/Sprites/Items/gem/gem-1.png
  artifactKey: Guid(bd59bf2e866ed4529ae645637eb9c11d) Importer(815301076,1909f56bfc062723c751e8b465ee728b)
Start importing Assets/Sunnyland/artwork/Sprites/Items/gem/gem-1.png using Guid(bd59bf2e866ed4529ae645637eb9c11d) Importer(815301076,1909f56bfc062723c751e8b465ee728b)  -> (artifact id: 'e4b28754366e8954e706ac525394e389') in 0.020067 seconds
  Import took 0.024187 seconds .

========================================================================
Received Import Request.
  Time since last request: 0.000328 seconds.
  path: Assets/Tile Palette/gem-1.asset
  artifactKey: Guid(ad985b233a220554cb25db3b88599fae) Importer(815301076,1909f56bfc062723c751e8b465ee728b)
Start importing Assets/Tile Palette/gem-1.asset using Guid(ad985b233a220554cb25db3b88599fae) Importer(815301076,1909f56bfc062723c751e8b465ee728b)  -> (artifact id: '568ee758da7cb49ca308eb2fe098d895') in 0.022916 seconds
  Import took 0.026499 seconds .

========================================================================
Received Import Request.
  Time since last request: 0.000198 seconds.
  path: Assets/Sunnyland/artwork/Sprites/Items/gem/gem-1.png
  artifactKey: Guid(bd59bf2e866ed4529ae645637eb9c11d) Importer(815301076,1909f56bfc062723c751e8b465ee728b)
Start importing Assets/Sunnyland/artwork/Sprites/Items/gem/gem-1.png using Guid(bd59bf2e866ed4529ae645637eb9c11d) Importer(815301076,1909f56bfc062723c751e8b465ee728b)  -> (artifact id: 'e4b28754366e8954e706ac525394e389') in 0.010086 seconds
  Import took 0.014443 seconds .

========================================================================
Received Import Request.
  Time since last request: 0.000291 seconds.
  path: Assets/Sunnyland/artwork/Sprites/Items/gem/gem-2.png
  artifactKey: Guid(c9e6b5e11d0ef456eb7f7ebd3e750671) Importer(815301076,1909f56bfc062723c751e8b465ee728b)
Start importing Assets/Sunnyland/artwork/Sprites/Items/gem/gem-2.png using Guid(c9e6b5e11d0ef456eb7f7ebd3e750671) Importer(815301076,1909f56bfc062723c751e8b465ee728b)  -> (artifact id: 'bf647d475bbe4b6921d196a85d5ee393') in 0.030848 seconds
  Import took 0.035641 seconds .

========================================================================
Received Import Request.
  Time since last request: 0.000242 seconds.
  path: Assets/Tile Palette/gem-1.asset
  artifactKey: Guid(ad985b233a220554cb25db3b88599fae) Importer(815301076,1909f56bfc062723c751e8b465ee728b)
Start importing Assets/Tile Palette/gem-1.asset using Guid(ad985b233a220554cb25db3b88599fae) Importer(815301076,1909f56bfc062723c751e8b465ee728b)  -> (artifact id: '568ee758da7cb49ca308eb2fe098d895') in 0.007793 seconds
  Import took 0.013142 seconds .

========================================================================
Received Import Request.
  Time since last request: 0.000204 seconds.
  path: Assets/Coins Sfx/Mp3/Gems_Single/Gems_Single_04.mp3
  artifactKey: Guid(f912a3b57268d48709e9263d5098fd96) Importer(815301076,1909f56bfc062723c751e8b465ee728b)
Start importing Assets/Coins Sfx/Mp3/Gems_Single/Gems_Single_04.mp3 using Guid(f912a3b57268d48709e9263d5098fd96) Importer(815301076,1909f56bfc062723c751e8b465ee728b)  -> (artifact id: '7808278701eda7d551ec7a4c2ad85166') in 0.027089 seconds
  Import took 0.032410 seconds .

========================================================================
Received Import Request.
  Time since last request: 0.000235 seconds.
  path: Assets/Sunnyland/artwork/Sprites/Items/gem/gem-2.png
  artifactKey: Guid(c9e6b5e11d0ef456eb7f7ebd3e750671) Importer(815301076,1909f56bfc062723c751e8b465ee728b)
Start importing Assets/Sunnyland/artwork/Sprites/Items/gem/gem-2.png using Guid(c9e6b5e11d0ef456eb7f7ebd3e750671) Importer(815301076,1909f56bfc062723c751e8b465ee728b)  -> (artifact id: 'bf647d475bbe4b6921d196a85d5ee393') in 0.014467 seconds
  Import took 0.019456 seconds .

========================================================================
Received Import Request.
  Time since last request: 0.000227 seconds.
  path: Assets/Coins Sfx/Mp3/Gems_Single/Gems_Single_04.mp3
  artifactKey: Guid(f912a3b57268d48709e9263d5098fd96) Importer(815301076,1909f56bfc062723c751e8b465ee728b)
Start importing Assets/Coins Sfx/Mp3/Gems_Single/Gems_Single_04.mp3 using Guid(f912a3b57268d48709e9263d5098fd96) Importer(815301076,1909f56bfc062723c751e8b465ee728b)  -> (artifact id: '7808278701eda7d551ec7a4c2ad85166') in 0.011454 seconds
  Import took 0.015673 seconds .

========================================================================
Received Import Request.
  Time since last request: 0.000275 seconds.
  path: Assets/Coins Sfx/Mp3/Gems_Single/Gems_Single_05.mp3
  artifactKey: Guid(0988de8cda151455b96ea527100a0d22) Importer(815301076,1909f56bfc062723c751e8b465ee728b)
Start importing Assets/Coins Sfx/Mp3/Gems_Single/Gems_Single_05.mp3 using Guid(0988de8cda151455b96ea527100a0d22) Importer(815301076,1909f56bfc062723c751e8b465ee728b)  -> (artifact id: '19e4dfbd9aa2f49d975a1af712e02449') in 0.027784 seconds
  Import took 0.032047 seconds .

========================================================================
Received Import Request.
  Time since last request: 31.146370 seconds.
  path: Assets/Sunnyland/artwork/Sprites/Items/gem
  artifactKey: Guid(17f597b0b8c304eab96c9cd958dd1ec9) Importer(815301076,1909f56bfc062723c751e8b465ee728b)
Start importing Assets/Sunnyland/artwork/Sprites/Items/gem using Guid(17f597b0b8c304eab96c9cd958dd1ec9) Importer(815301076,1909f56bfc062723c751e8b465ee728b)  -> (artifact id: 'a50991f7dfdfe0a0bc1d5cb505169274') in 0.010735 seconds
  Import took 0.015152 seconds .

========================================================================
Received Import Request.
  Time since last request: 489.198310 seconds.
  path: Assets/Scripts/PlayerController.cs
  artifactKey: Guid(1cf9ef865790eb44299eaa587246a4bb) Importer(815301076,1909f56bfc062723c751e8b465ee728b)
Start importing Assets/Scripts/PlayerController.cs using Guid(1cf9ef865790eb44299eaa587246a4bb) Importer(815301076,1909f56bfc062723c751e8b465ee728b)  -> (artifact id: '1efd55160d4e21c5616879d420bcff1a') in 0.010356 seconds
  Import took 0.015049 seconds .

========================================================================
Received Prepare
Registering precompiled user dll's ...
Registered in 0.001507 seconds.
Begin MonoManager ReloadAssembly
Native extension for WindowsStandalone target not found
Refreshing native plugins compatible for Editor in 0.49 ms, found 1 plugins.
Preloading 0 native plugins for Editor in 0.00 ms.
Mono: successfully reloaded assembly
- Completed reload, in  0.969 seconds
Platform modules already initialized, skipping
Refreshing native plugins compatible for Editor in 0.58 ms, found 1 plugins.
Preloading 0 native plugins for Editor in 0.00 ms.
Unloading 1956 Unused Serialized files (Serialized files now loaded: 0)
System memory in use before: 94.8 MB.
System memory in use after: 94.2 MB.

Unloading 22 unused Assets to reduce memory usage. Loaded Objects now: 2431.
Total: 2.847300 ms (FindLiveObjects: 0.268500 ms CreateObjectMapping: 0.156900 ms MarkObjects: 2.063900 ms  DeleteObjects: 0.357000 ms)

========================================================================
Received Prepare
Registering precompiled user dll's ...
Registered in 0.001127 seconds.
Begin MonoManager ReloadAssembly
Native extension for WindowsStandalone target not found
Refreshing native plugins compatible for Editor in 0.56 ms, found 1 plugins.
Preloading 0 native plugins for Editor in 0.00 ms.
Mono: successfully reloaded assembly
- Completed reload, in  0.919 seconds
Platform modules already initialized, skipping
Refreshing native plugins compatible for Editor in 0.67 ms, found 1 plugins.
Preloading 0 native plugins for Editor in 0.00 ms.
Unloading 1956 Unused Serialized files (Serialized files now loaded: 0)
System memory in use before: 94.8 MB.
System memory in use after: 94.2 MB.

Unloading 22 unused Assets to reduce memory usage. Loaded Objects now: 2434.
Total: 2.373000 ms (FindLiveObjects: 0.193500 ms CreateObjectMapping: 0.077200 ms MarkObjects: 1.652800 ms  DeleteObjects: 0.448400 ms)

========================================================================
Received Prepare
Registering precompiled user dll's ...
Registered in 0.001345 seconds.
Begin MonoManager ReloadAssembly
Native extension for WindowsStandalone target not found
Refreshing native plugins compatible for Editor in 0.52 ms, found 1 plugins.
Preloading 0 native plugins for Editor in 0.00 ms.
Mono: successfully reloaded assembly
- Completed reload, in  0.910 seconds
Platform modules already initialized, skipping
Refreshing native plugins compatible for Editor in 0.51 ms, found 1 plugins.
Preloading 0 native plugins for Editor in 0.00 ms.
Unloading 1956 Unused Serialized files (Serialized files now loaded: 0)
System memory in use before: 94.8 MB.
System memory in use after: 94.3 MB.

Unloading 22 unused Assets to reduce memory usage. Loaded Objects now: 2437.
Total: 2.401300 ms (FindLiveObjects: 0.182500 ms CreateObjectMapping: 0.075700 ms MarkObjects: 1.772800 ms  DeleteObjects: 0.369400 ms)

========================================================================
Received Prepare
Registering precompiled user dll's ...
Registered in 0.001276 seconds.
Begin MonoManager ReloadAssembly
Native extension for WindowsStandalone target not found
Refreshing native plugins compatible for Editor in 0.50 ms, found 1 plugins.
Preloading 0 native plugins for Editor in 0.00 ms.
Mono: successfully reloaded assembly
- Completed reload, in  0.899 seconds
Platform modules already initialized, skipping
Refreshing native plugins compatible for Editor in 0.53 ms, found 1 plugins.
Preloading 0 native plugins for Editor in 0.00 ms.
Unloading 1956 Unused Serialized files (Serialized files now loaded: 0)
System memory in use before: 94.8 MB.
System memory in use after: 94.3 MB.

Unloading 22 unused Assets to reduce memory usage. Loaded Objects now: 2440.
Total: 2.244500 ms (FindLiveObjects: 0.166100 ms CreateObjectMapping: 0.077300 ms MarkObjects: 1.597900 ms  DeleteObjects: 0.402300 ms)

========================================================================
Received Prepare
Registering precompiled user dll's ...
Registered in 0.001225 seconds.
Begin MonoManager ReloadAssembly
Native extension for WindowsStandalone target not found
Refreshing native plugins compatible for Editor in 0.56 ms, found 1 plugins.
Preloading 0 native plugins for Editor in 0.00 ms.
Mono: successfully reloaded assembly
- Completed reload, in  0.894 seconds
Platform modules already initialized, skipping
Refreshing native plugins compatible for Editor in 0.52 ms, found 1 plugins.
Preloading 0 native plugins for Editor in 0.00 ms.
Unloading 1956 Unused Serialized files (Serialized files now loaded: 0)
System memory in use before: 94.8 MB.
System memory in use after: 94.3 MB.

Unloading 22 unused Assets to reduce memory usage. Loaded Objects now: 2443.
Total: 2.737500 ms (FindLiveObjects: 0.234900 ms CreateObjectMapping: 0.180100 ms MarkObjects: 1.940000 ms  DeleteObjects: 0.381600 ms)

========================================================================
Received Prepare
Registering precompiled user dll's ...
Registered in 0.001155 seconds.
Begin MonoManager ReloadAssembly
Native extension for WindowsStandalone target not found
Refreshing native plugins compatible for Editor in 0.51 ms, found 1 plugins.
Preloading 0 native plugins for Editor in 0.00 ms.
Mono: successfully reloaded assembly
- Completed reload, in  0.878 seconds
Platform modules already initialized, skipping
Refreshing native plugins compatible for Editor in 0.51 ms, found 1 plugins.
Preloading 0 native plugins for Editor in 0.00 ms.
Unloading 1956 Unused Serialized files (Serialized files now loaded: 0)
System memory in use before: 94.8 MB.
System memory in use after: 94.3 MB.

Unloading 22 unused Assets to reduce memory usage. Loaded Objects now: 2446.
Total: 2.971400 ms (FindLiveObjects: 0.288000 ms CreateObjectMapping: 0.150900 ms MarkObjects: 2.160100 ms  DeleteObjects: 0.371100 ms)

========================================================================
Received Prepare
Registering precompiled user dll's ...
Registered in 0.001134 seconds.
Begin MonoManager ReloadAssembly
Native extension for WindowsStandalone target not found
Refreshing native plugins compatible for Editor in 0.52 ms, found 1 plugins.
Preloading 0 native plugins for Editor in 0.00 ms.
Mono: successfully reloaded assembly
- Completed reload, in  0.890 seconds
Platform modules already initialized, skipping
Refreshing native plugins compatible for Editor in 0.51 ms, found 1 plugins.
Preloading 0 native plugins for Editor in 0.00 ms.
Unloading 1956 Unused Serialized files (Serialized files now loaded: 0)
System memory in use before: 94.8 MB.
System memory in use after: 94.3 MB.

Unloading 22 unused Assets to reduce memory usage. Loaded Objects now: 2449.
Total: 3.039200 ms (FindLiveObjects: 0.256000 ms CreateObjectMapping: 0.148300 ms MarkObjects: 2.236800 ms  DeleteObjects: 0.397000 ms)

========================================================================
Received Prepare
Registering precompiled user dll's ...
Registered in 0.001268 seconds.
Begin MonoManager ReloadAssembly
Native extension for WindowsStandalone target not found
Refreshing native plugins compatible for Editor in 0.54 ms, found 1 plugins.
Preloading 0 native plugins for Editor in 0.00 ms.
Mono: successfully reloaded assembly
- Completed reload, in  0.889 seconds
Platform modules already initialized, skipping
Refreshing native plugins compatible for Editor in 0.53 ms, found 1 plugins.
Preloading 0 native plugins for Editor in 0.00 ms.
Unloading 1956 Unused Serialized files (Serialized files now loaded: 0)
System memory in use before: 94.8 MB.
System memory in use after: 94.3 MB.

Unloading 22 unused Assets to reduce memory usage. Loaded Objects now: 2452.
Total: 2.775200 ms (FindLiveObjects: 0.251000 ms CreateObjectMapping: 0.150200 ms MarkObjects: 1.921900 ms  DeleteObjects: 0.450900 ms)

========================================================================
Received Prepare
Registering precompiled user dll's ...
Registered in 0.001167 seconds.
Begin MonoManager ReloadAssembly
Native extension for WindowsStandalone target not found
Refreshing native plugins compatible for Editor in 0.58 ms, found 1 plugins.
Preloading 0 native plugins for Editor in 0.00 ms.
Mono: successfully reloaded assembly
- Completed reload, in  0.897 seconds
Platform modules already initialized, skipping
Refreshing native plugins compatible for Editor in 0.51 ms, found 1 plugins.
Preloading 0 native plugins for Editor in 0.00 ms.
Unloading 1956 Unused Serialized files (Serialized files now loaded: 0)
System memory in use before: 94.8 MB.
System memory in use after: 94.3 MB.

Unloading 22 unused Assets to reduce memory usage. Loaded Objects now: 2455.
Total: 3.274700 ms (FindLiveObjects: 0.261100 ms CreateObjectMapping: 0.150400 ms MarkObjects: 2.445000 ms  DeleteObjects: 0.417200 ms)

========================================================================
Received Prepare
Registering precompiled user dll's ...
Registered in 0.001142 seconds.
Begin MonoManager ReloadAssembly
Native extension for WindowsStandalone target not found
Refreshing native plugins compatible for Editor in 0.52 ms, found 1 plugins.
Preloading 0 native plugins for Editor in 0.00 ms.
Mono: successfully reloaded assembly
- Completed reload, in  0.951 seconds
Platform modules already initialized, skipping
Refreshing native plugins compatible for Editor in 0.49 ms, found 1 plugins.
Preloading 0 native plugins for Editor in 0.00 ms.
Unloading 1956 Unused Serialized files (Serialized files now loaded: 0)
System memory in use before: 94.8 MB.
System memory in use after: 94.3 MB.

Unloading 22 unused Assets to reduce memory usage. Loaded Objects now: 2458.
Total: 2.674500 ms (FindLiveObjects: 0.234900 ms CreateObjectMapping: 0.073700 ms MarkObjects: 2.000200 ms  DeleteObjects: 0.364800 ms)

========================================================================
Received Prepare
Registering precompiled user dll's ...
Registered in 0.001170 seconds.
Begin MonoManager ReloadAssembly
Native extension for WindowsStandalone target not found
Refreshing native plugins compatible for Editor in 0.49 ms, found 1 plugins.
Preloading 0 native plugins for Editor in 0.00 ms.
Mono: successfully reloaded assembly
- Completed reload, in  0.893 seconds
Platform modules already initialized, skipping
Refreshing native plugins compatible for Editor in 0.49 ms, found 1 plugins.
Preloading 0 native plugins for Editor in 0.00 ms.
Unloading 1956 Unused Serialized files (Serialized files now loaded: 0)
System memory in use before: 94.9 MB.
System memory in use after: 94.3 MB.

Unloading 22 unused Assets to reduce memory usage. Loaded Objects now: 2461.
Total: 2.586700 ms (FindLiveObjects: 0.185500 ms CreateObjectMapping: 0.079500 ms MarkObjects: 1.925500 ms  DeleteObjects: 0.395200 ms)

========================================================================
Received Prepare
Registering precompiled user dll's ...
Registered in 0.001042 seconds.
Begin MonoManager ReloadAssembly
Native extension for WindowsStandalone target not found
Refreshing native plugins compatible for Editor in 0.52 ms, found 1 plugins.
Preloading 0 native plugins for Editor in 0.00 ms.
Mono: successfully reloaded assembly
- Completed reload, in  0.897 seconds
Platform modules already initialized, skipping
Refreshing native plugins compatible for Editor in 0.53 ms, found 1 plugins.
Preloading 0 native plugins for Editor in 0.00 ms.
Unloading 1956 Unused Serialized files (Serialized files now loaded: 0)
System memory in use before: 94.9 MB.
System memory in use after: 94.3 MB.

Unloading 22 unused Assets to reduce memory usage. Loaded Objects now: 2464.
Total: 2.885900 ms (FindLiveObjects: 0.297300 ms CreateObjectMapping: 0.087400 ms MarkObjects: 1.889900 ms  DeleteObjects: 0.610300 ms)

========================================================================
Received Prepare
Registering precompiled user dll's ...
Registered in 0.001207 seconds.
Begin MonoManager ReloadAssembly
Native extension for WindowsStandalone target not found
Refreshing native plugins compatible for Editor in 0.51 ms, found 1 plugins.
Preloading 0 native plugins for Editor in 0.00 ms.
Mono: successfully reloaded assembly
- Completed reload, in  0.881 seconds
Platform modules already initialized, skipping
Refreshing native plugins compatible for Editor in 0.51 ms, found 1 plugins.
Preloading 0 native plugins for Editor in 0.00 ms.
Unloading 1956 Unused Serialized files (Serialized files now loaded: 0)
System memory in use before: 94.9 MB.
System memory in use after: 94.3 MB.

Unloading 22 unused Assets to reduce memory usage. Loaded Objects now: 2467.
Total: 2.601600 ms (FindLiveObjects: 0.169100 ms CreateObjectMapping: 0.076200 ms MarkObjects: 1.982500 ms  DeleteObjects: 0.372800 ms)

========================================================================
Received Prepare
Registering precompiled user dll's ...
Registered in 0.001340 seconds.
Begin MonoManager ReloadAssembly
Native extension for WindowsStandalone target not found
Refreshing native plugins compatible for Editor in 0.53 ms, found 1 plugins.
Preloading 0 native plugins for Editor in 0.00 ms.
Mono: successfully reloaded assembly
- Completed reload, in  0.857 seconds
Platform modules already initialized, skipping
Refreshing native plugins compatible for Editor in 0.62 ms, found 1 plugins.
Preloading 0 native plugins for Editor in 0.00 ms.
Unloading 1956 Unused Serialized files (Serialized files now loaded: 0)
System memory in use before: 94.9 MB.
System memory in use after: 94.3 MB.

Unloading 22 unused Assets to reduce memory usage. Loaded Objects now: 2470.
Total: 2.539600 ms (FindLiveObjects: 0.214800 ms CreateObjectMapping: 0.083000 ms MarkObjects: 1.860600 ms  DeleteObjects: 0.379900 ms)

========================================================================
Received Prepare
Registering precompiled user dll's ...
Registered in 0.001252 seconds.
Begin MonoManager ReloadAssembly
Native extension for WindowsStandalone target not found
Refreshing native plugins compatible for Editor in 0.63 ms, found 1 plugins.
Preloading 0 native plugins for Editor in 0.00 ms.
Mono: successfully reloaded assembly
- Completed reload, in  0.878 seconds
Platform modules already initialized, skipping
Refreshing native plugins compatible for Editor in 0.51 ms, found 1 plugins.
Preloading 0 native plugins for Editor in 0.00 ms.
Unloading 1956 Unused Serialized files (Serialized files now loaded: 0)
System memory in use before: 94.9 MB.
System memory in use after: 94.4 MB.

Unloading 22 unused Assets to reduce memory usage. Loaded Objects now: 2473.
Total: 2.547500 ms (FindLiveObjects: 0.246000 ms CreateObjectMapping: 0.079500 ms MarkObjects: 1.860900 ms  DeleteObjects: 0.360100 ms)

========================================================================
Received Prepare
Registering precompiled user dll's ...
Registered in 0.001085 seconds.
Begin MonoManager ReloadAssembly
Native extension for WindowsStandalone target not found
Refreshing native plugins compatible for Editor in 0.49 ms, found 1 plugins.
Preloading 0 native plugins for Editor in 0.00 ms.
Mono: successfully reloaded assembly
- Completed reload, in  0.877 seconds
Platform modules already initialized, skipping
Refreshing native plugins compatible for Editor in 0.50 ms, found 1 plugins.
Preloading 0 native plugins for Editor in 0.00 ms.
Unloading 1956 Unused Serialized files (Serialized files now loaded: 0)
System memory in use before: 94.9 MB.
System memory in use after: 94.4 MB.

Unloading 22 unused Assets to reduce memory usage. Loaded Objects now: 2476.
Total: 2.503600 ms (FindLiveObjects: 0.165900 ms CreateObjectMapping: 0.092000 ms MarkObjects: 1.865400 ms  DeleteObjects: 0.379400 ms)

========================================================================
Received Prepare
Registering precompiled user dll's ...
Registered in 0.001160 seconds.
Begin MonoManager ReloadAssembly
Native extension for WindowsStandalone target not found
Refreshing native plugins compatible for Editor in 0.53 ms, found 1 plugins.
Preloading 0 native plugins for Editor in 0.00 ms.
Mono: successfully reloaded assembly
- Completed reload, in  0.882 seconds
Platform modules already initialized, skipping
Refreshing native plugins compatible for Editor in 0.53 ms, found 1 plugins.
Preloading 0 native plugins for Editor in 0.00 ms.
Unloading 1956 Unused Serialized files (Serialized files now loaded: 0)
System memory in use before: 94.9 MB.
System memory in use after: 94.4 MB.

Unloading 22 unused Assets to reduce memory usage. Loaded Objects now: 2479.
Total: 2.504400 ms (FindLiveObjects: 0.239400 ms CreateObjectMapping: 0.079600 ms MarkObjects: 1.822800 ms  DeleteObjects: 0.361600 ms)

========================================================================
Received Prepare
Registering precompiled user dll's ...
Registered in 0.001162 seconds.
Begin MonoManager ReloadAssembly
Native extension for WindowsStandalone target not found
Refreshing native plugins compatible for Editor in 0.64 ms, found 1 plugins.
Preloading 0 native plugins for Editor in 0.00 ms.
Mono: successfully reloaded assembly
- Completed reload, in  0.958 seconds
Platform modules already initialized, skipping
Refreshing native plugins compatible for Editor in 0.70 ms, found 1 plugins.
Preloading 0 native plugins for Editor in 0.00 ms.
Unloading 1956 Unused Serialized files (Serialized files now loaded: 0)
System memory in use before: 94.9 MB.
System memory in use after: 94.4 MB.

Unloading 22 unused Assets to reduce memory usage. Loaded Objects now: 2482.
Total: 3.384800 ms (FindLiveObjects: 0.224000 ms CreateObjectMapping: 0.084200 ms MarkObjects: 2.657300 ms  DeleteObjects: 0.417800 ms)

========================================================================
Received Prepare
Registering precompiled user dll's ...
Registered in 0.001427 seconds.
Begin MonoManager ReloadAssembly
Native extension for WindowsStandalone target not found
Refreshing native plugins compatible for Editor in 0.51 ms, found 1 plugins.
Preloading 0 native plugins for Editor in 0.00 ms.
Mono: successfully reloaded assembly
- Completed reload, in  0.930 seconds
Platform modules already initialized, skipping
Refreshing native plugins compatible for Editor in 0.54 ms, found 1 plugins.
Preloading 0 native plugins for Editor in 0.00 ms.
Unloading 1956 Unused Serialized files (Serialized files now loaded: 0)
System memory in use before: 94.9 MB.
System memory in use after: 94.4 MB.

Unloading 22 unused Assets to reduce memory usage. Loaded Objects now: 2485.
Total: 2.800100 ms (FindLiveObjects: 0.242600 ms CreateObjectMapping: 0.074400 ms MarkObjects: 2.097700 ms  DeleteObjects: 0.384500 ms)

========================================================================
Received Prepare
Registering precompiled user dll's ...
Registered in 0.001218 seconds.
Begin MonoManager ReloadAssembly
Native extension for WindowsStandalone target not found
Refreshing native plugins compatible for Editor in 0.51 ms, found 1 plugins.
Preloading 0 native plugins for Editor in 0.00 ms.
Mono: successfully reloaded assembly
- Completed reload, in  0.908 seconds
Platform modules already initialized, skipping
Refreshing native plugins compatible for Editor in 0.53 ms, found 1 plugins.
Preloading 0 native plugins for Editor in 0.00 ms.
Unloading 1956 Unused Serialized files (Serialized files now loaded: 0)
System memory in use before: 95.0 MB.
System memory in use after: 94.4 MB.

Unloading 22 unused Assets to reduce memory usage. Loaded Objects now: 2488.
Total: 2.764200 ms (FindLiveObjects: 0.246600 ms CreateObjectMapping: 0.081000 ms MarkObjects: 2.056700 ms  DeleteObjects: 0.378800 ms)

========================================================================
Received Prepare
Registering precompiled user dll's ...
Registered in 0.001116 seconds.
Begin MonoManager ReloadAssembly
Native extension for WindowsStandalone target not found
Refreshing native plugins compatible for Editor in 0.68 ms, found 1 plugins.
Preloading 0 native plugins for Editor in 0.00 ms.
Mono: successfully reloaded assembly
- Completed reload, in  0.927 seconds
Platform modules already initialized, skipping
Refreshing native plugins compatible for Editor in 0.52 ms, found 1 plugins.
Preloading 0 native plugins for Editor in 0.00 ms.
Unloading 1956 Unused Serialized files (Serialized files now loaded: 0)
System memory in use before: 95.0 MB.
System memory in use after: 94.4 MB.

Unloading 22 unused Assets to reduce memory usage. Loaded Objects now: 2491.
Total: 2.449000 ms (FindLiveObjects: 0.179800 ms CreateObjectMapping: 0.079500 ms MarkObjects: 1.813700 ms  DeleteObjects: 0.375200 ms)

========================================================================
Received Prepare
Registering precompiled user dll's ...
Registered in 0.001351 seconds.
Begin MonoManager ReloadAssembly
Native extension for WindowsStandalone target not found
Refreshing native plugins compatible for Editor in 0.49 ms, found 1 plugins.
Preloading 0 native plugins for Editor in 0.00 ms.
Mono: successfully reloaded assembly
- Completed reload, in  0.882 seconds
Platform modules already initialized, skipping
Refreshing native plugins compatible for Editor in 0.77 ms, found 1 plugins.
Preloading 0 native plugins for Editor in 0.00 ms.
Unloading 1956 Unused Serialized files (Serialized files now loaded: 0)
System memory in use before: 95.0 MB.
System memory in use after: 94.4 MB.

Unloading 22 unused Assets to reduce memory usage. Loaded Objects now: 2494.
Total: 4.483200 ms (FindLiveObjects: 0.317400 ms CreateObjectMapping: 0.212000 ms MarkObjects: 3.436400 ms  DeleteObjects: 0.515500 ms)

========================================================================
Received Prepare
Registering precompiled user dll's ...
Registered in 0.001632 seconds.
Begin MonoManager ReloadAssembly
Native extension for WindowsStandalone target not found
Refreshing native plugins compatible for Editor in 0.57 ms, found 1 plugins.
Preloading 0 native plugins for Editor in 0.00 ms.
Mono: successfully reloaded assembly
- Completed reload, in  0.892 seconds
Platform modules already initialized, skipping
Refreshing native plugins compatible for Editor in 0.55 ms, found 1 plugins.
Preloading 0 native plugins for Editor in 0.00 ms.
Unloading 1956 Unused Serialized files (Serialized files now loaded: 0)
System memory in use before: 95.0 MB.
System memory in use after: 94.4 MB.

Unloading 22 unused Assets to reduce memory usage. Loaded Objects now: 2497.
Total: 2.799300 ms (FindLiveObjects: 0.222100 ms CreateObjectMapping: 0.079100 ms MarkObjects: 2.101200 ms  DeleteObjects: 0.395600 ms)

========================================================================
Received Prepare
Registering precompiled user dll's ...
Registered in 0.001163 seconds.
Begin MonoManager ReloadAssembly
Native extension for WindowsStandalone target not found
Refreshing native plugins compatible for Editor in 0.51 ms, found 1 plugins.
Preloading 0 native plugins for Editor in 0.00 ms.
Mono: successfully reloaded assembly
- Completed reload, in  0.909 seconds
Platform modules already initialized, skipping
Refreshing native plugins compatible for Editor in 0.45 ms, found 1 plugins.
Preloading 0 native plugins for Editor in 0.00 ms.
Unloading 1956 Unused Serialized files (Serialized files now loaded: 0)
System memory in use before: 95.0 MB.
System memory in use after: 94.4 MB.

Unloading 22 unused Assets to reduce memory usage. Loaded Objects now: 2500.
Total: 2.700900 ms (FindLiveObjects: 0.250400 ms CreateObjectMapping: 0.078700 ms MarkObjects: 1.982900 ms  DeleteObjects: 0.387900 ms)

========================================================================
Received Prepare
Registering precompiled user dll's ...
Registered in 0.001271 seconds.
Begin MonoManager ReloadAssembly
Native extension for WindowsStandalone target not found
Refreshing native plugins compatible for Editor in 0.51 ms, found 1 plugins.
Preloading 0 native plugins for Editor in 0.00 ms.
Mono: successfully reloaded assembly
- Completed reload, in  0.883 seconds
Platform modules already initialized, skipping
Refreshing native plugins compatible for Editor in 0.52 ms, found 1 plugins.
Preloading 0 native plugins for Editor in 0.00 ms.
Unloading 1956 Unused Serialized files (Serialized files now loaded: 0)
System memory in use before: 95.0 MB.
System memory in use after: 94.4 MB.

Unloading 22 unused Assets to reduce memory usage. Loaded Objects now: 2503.
Total: 2.733700 ms (FindLiveObjects: 0.271200 ms CreateObjectMapping: 0.080700 ms MarkObjects: 2.021700 ms  DeleteObjects: 0.359000 ms)

========================================================================
Received Prepare
Registering precompiled user dll's ...
Registered in 0.001128 seconds.
Begin MonoManager ReloadAssembly
Native extension for WindowsStandalone target not found
Refreshing native plugins compatible for Editor in 0.51 ms, found 1 plugins.
Preloading 0 native plugins for Editor in 0.00 ms.
Mono: successfully reloaded assembly
- Completed reload, in  0.895 seconds
Platform modules already initialized, skipping
Refreshing native plugins compatible for Editor in 0.57 ms, found 1 plugins.
Preloading 0 native plugins for Editor in 0.00 ms.
Unloading 1956 Unused Serialized files (Serialized files now loaded: 0)
System memory in use before: 95.0 MB.
System memory in use after: 94.5 MB.

Unloading 22 unused Assets to reduce memory usage. Loaded Objects now: 2506.
Total: 3.068800 ms (FindLiveObjects: 0.273800 ms CreateObjectMapping: 0.176300 ms MarkObjects: 2.221600 ms  DeleteObjects: 0.395900 ms)

========================================================================
Received Prepare
Registering precompiled user dll's ...
Registered in 0.001142 seconds.
Begin MonoManager ReloadAssembly
Native extension for WindowsStandalone target not found
Refreshing native plugins compatible for Editor in 0.51 ms, found 1 plugins.
Preloading 0 native plugins for Editor in 0.00 ms.
Mono: successfully reloaded assembly
- Completed reload, in  0.950 seconds
Platform modules already initialized, skipping
Refreshing native plugins compatible for Editor in 0.52 ms, found 1 plugins.
Preloading 0 native plugins for Editor in 0.00 ms.
Unloading 1956 Unused Serialized files (Serialized files now loaded: 0)
System memory in use before: 95.0 MB.
System memory in use after: 94.5 MB.

Unloading 22 unused Assets to reduce memory usage. Loaded Objects now: 2509.
Total: 3.192300 ms (FindLiveObjects: 0.246900 ms CreateObjectMapping: 0.128400 ms MarkObjects: 2.446800 ms  DeleteObjects: 0.369300 ms)

========================================================================
Received Prepare
Registering precompiled user dll's ...
Registered in 0.001177 seconds.
Begin MonoManager ReloadAssembly
Native extension for WindowsStandalone target not found
Refreshing native plugins compatible for Editor in 0.55 ms, found 1 plugins.
Preloading 0 native plugins for Editor in 0.00 ms.
Mono: successfully reloaded assembly
- Completed reload, in  0.894 seconds
Platform modules already initialized, skipping
Refreshing native plugins compatible for Editor in 0.54 ms, found 1 plugins.
Preloading 0 native plugins for Editor in 0.00 ms.
Unloading 1956 Unused Serialized files (Serialized files now loaded: 0)
System memory in use before: 95.0 MB.
System memory in use after: 94.5 MB.

Unloading 22 unused Assets to reduce memory usage. Loaded Objects now: 2512.
Total: 2.681600 ms (FindLiveObjects: 0.178000 ms CreateObjectMapping: 0.074700 ms MarkObjects: 2.043300 ms  DeleteObjects: 0.384800 ms)

========================================================================
Received Prepare
Registering precompiled user dll's ...
Registered in 0.001217 seconds.
Begin MonoManager ReloadAssembly
Native extension for WindowsStandalone target not found
Refreshing native plugins compatible for Editor in 0.52 ms, found 1 plugins.
Preloading 0 native plugins for Editor in 0.00 ms.
Mono: successfully reloaded assembly
- Completed reload, in  0.884 seconds
Platform modules already initialized, skipping
Refreshing native plugins compatible for Editor in 0.51 ms, found 1 plugins.
Preloading 0 native plugins for Editor in 0.00 ms.
Unloading 1956 Unused Serialized files (Serialized files now loaded: 0)
System memory in use before: 95.0 MB.
System memory in use after: 94.5 MB.

Unloading 22 unused Assets to reduce memory usage. Loaded Objects now: 2515.
Total: 2.351800 ms (FindLiveObjects: 0.185200 ms CreateObjectMapping: 0.105700 ms MarkObjects: 1.696400 ms  DeleteObjects: 0.363300 ms)

========================================================================
Received Prepare
Registering precompiled user dll's ...
Registered in 0.001253 seconds.
Begin MonoManager ReloadAssembly
Native extension for WindowsStandalone target not found
Refreshing native plugins compatible for Editor in 0.51 ms, found 1 plugins.
Preloading 0 native plugins for Editor in 0.00 ms.
Mono: successfully reloaded assembly
- Completed reload, in  0.951 seconds
Platform modules already initialized, skipping
Refreshing native plugins compatible for Editor in 0.58 ms, found 1 plugins.
Preloading 0 native plugins for Editor in 0.00 ms.
Unloading 1956 Unused Serialized files (Serialized files now loaded: 0)
System memory in use before: 95.0 MB.
System memory in use after: 94.5 MB.

Unloading 22 unused Assets to reduce memory usage. Loaded Objects now: 2518.
Total: 3.491600 ms (FindLiveObjects: 0.244900 ms CreateObjectMapping: 0.077700 ms MarkObjects: 2.736400 ms  DeleteObjects: 0.415000 ms)

========================================================================
Received Prepare
Registering precompiled user dll's ...
Registered in 0.001211 seconds.
Begin MonoManager ReloadAssembly
Native extension for WindowsStandalone target not found
Refreshing native plugins compatible for Editor in 0.75 ms, found 1 plugins.
Preloading 0 native plugins for Editor in 0.00 ms.
Mono: successfully reloaded assembly
- Completed reload, in  0.974 seconds
Platform modules already initialized, skipping
Refreshing native plugins compatible for Editor in 0.52 ms, found 1 plugins.
Preloading 0 native plugins for Editor in 0.00 ms.
Unloading 1956 Unused Serialized files (Serialized files now loaded: 0)
System memory in use before: 95.0 MB.
System memory in use after: 94.5 MB.

Unloading 22 unused Assets to reduce memory usage. Loaded Objects now: 2521.
Total: 2.825300 ms (FindLiveObjects: 0.242600 ms CreateObjectMapping: 0.077000 ms MarkObjects: 2.108900 ms  DeleteObjects: 0.395800 ms)

========================================================================
Received Prepare
Registering precompiled user dll's ...
Registered in 0.001888 seconds.
Begin MonoManager ReloadAssembly
Native extension for WindowsStandalone target not found
Refreshing native plugins compatible for Editor in 0.51 ms, found 1 plugins.
Preloading 0 native plugins for Editor in 0.00 ms.
Mono: successfully reloaded assembly
- Completed reload, in  0.963 seconds
Platform modules already initialized, skipping
Refreshing native plugins compatible for Editor in 0.55 ms, found 1 plugins.
Preloading 0 native plugins for Editor in 0.00 ms.
Unloading 1956 Unused Serialized files (Serialized files now loaded: 0)
System memory in use before: 95.1 MB.
System memory in use after: 94.5 MB.

Unloading 22 unused Assets to reduce memory usage. Loaded Objects now: 2524.
Total: 2.578900 ms (FindLiveObjects: 0.246600 ms CreateObjectMapping: 0.078200 ms MarkObjects: 1.855100 ms  DeleteObjects: 0.398100 ms)

========================================================================
Received Prepare
Registering precompiled user dll's ...
Registered in 0.001206 seconds.
Begin MonoManager ReloadAssembly
Native extension for WindowsStandalone target not found
Refreshing native plugins compatible for Editor in 0.54 ms, found 1 plugins.
Preloading 0 native plugins for Editor in 0.00 ms.
Mono: successfully reloaded assembly
- Completed reload, in  0.898 seconds
Platform modules already initialized, skipping
Refreshing native plugins compatible for Editor in 0.52 ms, found 1 plugins.
Preloading 0 native plugins for Editor in 0.00 ms.
Unloading 1956 Unused Serialized files (Serialized files now loaded: 0)
System memory in use before: 95.1 MB.
System memory in use after: 94.5 MB.

Unloading 22 unused Assets to reduce memory usage. Loaded Objects now: 2527.
Total: 2.271200 ms (FindLiveObjects: 0.179600 ms CreateObjectMapping: 0.076600 ms MarkObjects: 1.637500 ms  DeleteObjects: 0.376500 ms)

========================================================================
Received Prepare
Registering precompiled user dll's ...
Registered in 0.001515 seconds.
Begin MonoManager ReloadAssembly
Native extension for WindowsStandalone target not found
Refreshing native plugins compatible for Editor in 0.49 ms, found 1 plugins.
Preloading 0 native plugins for Editor in 0.00 ms.
Mono: successfully reloaded assembly
- Completed reload, in  0.906 seconds
Platform modules already initialized, skipping
Refreshing native plugins compatible for Editor in 0.50 ms, found 1 plugins.
Preloading 0 native plugins for Editor in 0.00 ms.
Unloading 1956 Unused Serialized files (Serialized files now loaded: 0)
System memory in use before: 95.1 MB.
System memory in use after: 94.5 MB.

Unloading 22 unused Assets to reduce memory usage. Loaded Objects now: 2530.
Total: 2.906000 ms (FindLiveObjects: 0.312000 ms CreateObjectMapping: 0.097700 ms MarkObjects: 2.113900 ms  DeleteObjects: 0.381500 ms)

========================================================================
Received Prepare
Registering precompiled user dll's ...
Registered in 0.001176 seconds.
Begin MonoManager ReloadAssembly
Native extension for WindowsStandalone target not found
Refreshing native plugins compatible for Editor in 0.50 ms, found 1 plugins.
Preloading 0 native plugins for Editor in 0.00 ms.
Mono: successfully reloaded assembly
- Completed reload, in  0.880 seconds
Platform modules already initialized, skipping
Refreshing native plugins compatible for Editor in 0.54 ms, found 1 plugins.
Preloading 0 native plugins for Editor in 0.00 ms.
Unloading 1956 Unused Serialized files (Serialized files now loaded: 0)
System memory in use before: 95.1 MB.
System memory in use after: 94.5 MB.

Unloading 22 unused Assets to reduce memory usage. Loaded Objects now: 2533.
Total: 2.813700 ms (FindLiveObjects: 0.185700 ms CreateObjectMapping: 0.073700 ms MarkObjects: 2.168500 ms  DeleteObjects: 0.385100 ms)

========================================================================
Received Import Request.
  Time since last request: 1506.821235 seconds.
  path: Assets/Materials/Ground.physicsMaterial2D
  artifactKey: Guid(03ead3a0597a7544b86aa13dcdff503c) Importer(815301076,1909f56bfc062723c751e8b465ee728b)
Start importing Assets/Materials/Ground.physicsMaterial2D using Guid(03ead3a0597a7544b86aa13dcdff503c) Importer(815301076,1909f56bfc062723c751e8b465ee728b)  -> (artifact id: '89747de8715a9bb86c23689abd7bfe3d') in 0.044184 seconds
  Import took 0.047870 seconds .

========================================================================
Received Prepare
Registering precompiled user dll's ...
Registered in 0.001123 seconds.
Begin MonoManager ReloadAssembly
Native extension for WindowsStandalone target not found
Refreshing native plugins compatible for Editor in 0.51 ms, found 1 plugins.
Preloading 0 native plugins for Editor in 0.00 ms.
Mono: successfully reloaded assembly
- Completed reload, in  0.885 seconds
Platform modules already initialized, skipping
Refreshing native plugins compatible for Editor in 0.49 ms, found 1 plugins.
Preloading 0 native plugins for Editor in 0.00 ms.
Unloading 1956 Unused Serialized files (Serialized files now loaded: 0)
System memory in use before: 95.1 MB.
System memory in use after: 94.5 MB.

Unloading 22 unused Assets to reduce memory usage. Loaded Objects now: 2536.
Total: 2.402700 ms (FindLiveObjects: 0.184000 ms CreateObjectMapping: 0.076700 ms MarkObjects: 1.762400 ms  DeleteObjects: 0.378800 ms)

========================================================================
Received Import Request.
  Time since last request: 7.657667 seconds.
  path: Assets/Materials/Ground.physicsMaterial2D
  artifactKey: Guid(03ead3a0597a7544b86aa13dcdff503c) Importer(815301076,1909f56bfc062723c751e8b465ee728b)
Start importing Assets/Materials/Ground.physicsMaterial2D using Guid(03ead3a0597a7544b86aa13dcdff503c) Importer(815301076,1909f56bfc062723c751e8b465ee728b)  -> (artifact id: 'dea01b1a958f7e736a19f6815a076697') in 0.012947 seconds
  Import took 0.016911 seconds .

========================================================================
Received Import Request.
  Time since last request: 0.014132 seconds.
  path: Assets/Materials/Ground.physicsMaterial2D
  artifactKey: Guid(03ead3a0597a7544b86aa13dcdff503c) Importer(815301076,1909f56bfc062723c751e8b465ee728b)
Start importing Assets/Materials/Ground.physicsMaterial2D using Guid(03ead3a0597a7544b86aa13dcdff503c) Importer(815301076,1909f56bfc062723c751e8b465ee728b)  -> (artifact id: 'dea01b1a958f7e736a19f6815a076697') in 0.003753 seconds
  Import took 0.007473 seconds .

========================================================================
Received Prepare
Registering precompiled user dll's ...
Registered in 0.001244 seconds.
Begin MonoManager ReloadAssembly
Native extension for WindowsStandalone target not found
Refreshing native plugins compatible for Editor in 0.51 ms, found 1 plugins.
Preloading 0 native plugins for Editor in 0.00 ms.
Mono: successfully reloaded assembly
- Completed reload, in  0.886 seconds
Platform modules already initialized, skipping
Refreshing native plugins compatible for Editor in 0.52 ms, found 1 plugins.
Preloading 0 native plugins for Editor in 0.00 ms.
Unloading 1956 Unused Serialized files (Serialized files now loaded: 0)
System memory in use before: 95.1 MB.
System memory in use after: 94.6 MB.

Unloading 22 unused Assets to reduce memory usage. Loaded Objects now: 2539.
Total: 3.009700 ms (FindLiveObjects: 0.264500 ms CreateObjectMapping: 0.142800 ms MarkObjects: 2.193600 ms  DeleteObjects: 0.407800 ms)

========================================================================
Received Prepare
Registering precompiled user dll's ...
Registered in 0.001208 seconds.
Begin MonoManager ReloadAssembly
Native extension for WindowsStandalone target not found
Refreshing native plugins compatible for Editor in 0.49 ms, found 1 plugins.
Preloading 0 native plugins for Editor in 0.00 ms.
Mono: successfully reloaded assembly
- Completed reload, in  0.923 seconds
Platform modules already initialized, skipping
Refreshing native plugins compatible for Editor in 0.50 ms, found 1 plugins.
Preloading 0 native plugins for Editor in 0.00 ms.
Unloading 1956 Unused Serialized files (Serialized files now loaded: 0)
System memory in use before: 95.1 MB.
System memory in use after: 94.6 MB.

Unloading 22 unused Assets to reduce memory usage. Loaded Objects now: 2542.
Total: 2.378200 ms (FindLiveObjects: 0.242200 ms CreateObjectMapping: 0.075600 ms MarkObjects: 1.687200 ms  DeleteObjects: 0.372200 ms)

========================================================================
Received Prepare
Registering precompiled user dll's ...
Registered in 0.001944 seconds.
Begin MonoManager ReloadAssembly
Native extension for WindowsStandalone target not found
Refreshing native plugins compatible for Editor in 0.76 ms, found 1 plugins.
Preloading 0 native plugins for Editor in 0.00 ms.
Mono: successfully reloaded assembly
- Completed reload, in  1.315 seconds
Platform modules already initialized, skipping
Refreshing native plugins compatible for Editor in 0.93 ms, found 1 plugins.
Preloading 0 native plugins for Editor in 0.00 ms.
Unloading 1956 Unused Serialized files (Serialized files now loaded: 0)
System memory in use before: 95.1 MB.
System memory in use after: 94.6 MB.

Unloading 22 unused Assets to reduce memory usage. Loaded Objects now: 2545.
Total: 2.954400 ms (FindLiveObjects: 0.285500 ms CreateObjectMapping: 0.170100 ms MarkObjects: 2.110800 ms  DeleteObjects: 0.387000 ms)

========================================================================
Received Prepare
Registering precompiled user dll's ...
Registered in 0.001478 seconds.
Begin MonoManager ReloadAssembly
Native extension for WindowsStandalone target not found
Refreshing native plugins compatible for Editor in 0.52 ms, found 1 plugins.
Preloading 0 native plugins for Editor in 0.00 ms.
Mono: successfully reloaded assembly
- Completed reload, in  0.888 seconds
Platform modules already initialized, skipping
Refreshing native plugins compatible for Editor in 0.51 ms, found 1 plugins.
Preloading 0 native plugins for Editor in 0.00 ms.
Unloading 1956 Unused Serialized files (Serialized files now loaded: 0)
System memory in use before: 95.1 MB.
System memory in use after: 94.6 MB.

Unloading 22 unused Assets to reduce memory usage. Loaded Objects now: 2548.
Total: 2.325800 ms (FindLiveObjects: 0.181100 ms CreateObjectMapping: 0.077000 ms MarkObjects: 1.688500 ms  DeleteObjects: 0.378300 ms)

========================================================================
Received Prepare
Registering precompiled user dll's ...
Registered in 0.001657 seconds.
Begin MonoManager ReloadAssembly
Native extension for WindowsStandalone target not found
Refreshing native plugins compatible for Editor in 0.67 ms, found 1 plugins.
Preloading 0 native plugins for Editor in 0.00 ms.
Mono: successfully reloaded assembly
- Completed reload, in  1.271 seconds
Platform modules already initialized, skipping
Refreshing native plugins compatible for Editor in 0.57 ms, found 1 plugins.
Preloading 0 native plugins for Editor in 0.00 ms.
Unloading 1956 Unused Serialized files (Serialized files now loaded: 0)
System memory in use before: 95.1 MB.
System memory in use after: 94.6 MB.

Unloading 22 unused Assets to reduce memory usage. Loaded Objects now: 2551.
Total: 4.924800 ms (FindLiveObjects: 0.410200 ms CreateObjectMapping: 0.226100 ms MarkObjects: 3.566500 ms  DeleteObjects: 0.720300 ms)

========================================================================
Received Prepare
Registering precompiled user dll's ...
Registered in 0.001156 seconds.
Begin MonoManager ReloadAssembly
Native extension for WindowsStandalone target not found
Refreshing native plugins compatible for Editor in 0.49 ms, found 1 plugins.
Preloading 0 native plugins for Editor in 0.00 ms.
Mono: successfully reloaded assembly
- Completed reload, in  0.896 seconds
Platform modules already initialized, skipping
Refreshing native plugins compatible for Editor in 0.55 ms, found 1 plugins.
Preloading 0 native plugins for Editor in 0.00 ms.
Unloading 1956 Unused Serialized files (Serialized files now loaded: 0)
System memory in use before: 95.1 MB.
System memory in use after: 94.6 MB.

Unloading 22 unused Assets to reduce memory usage. Loaded Objects now: 2554.
Total: 2.360900 ms (FindLiveObjects: 0.185400 ms CreateObjectMapping: 0.074400 ms MarkObjects: 1.723400 ms  DeleteObjects: 0.376900 ms)

========================================================================
Received Prepare
Registering precompiled user dll's ...
Registered in 0.001209 seconds.
Begin MonoManager ReloadAssembly
Native extension for WindowsStandalone target not found
Refreshing native plugins compatible for Editor in 0.53 ms, found 1 plugins.
Preloading 0 native plugins for Editor in 0.00 ms.
Mono: successfully reloaded assembly
- Completed reload, in  0.934 seconds
Platform modules already initialized, skipping
Refreshing native plugins compatible for Editor in 0.50 ms, found 1 plugins.
Preloading 0 native plugins for Editor in 0.00 ms.
Unloading 1956 Unused Serialized files (Serialized files now loaded: 0)
System memory in use before: 95.2 MB.
System memory in use after: 94.6 MB.

Unloading 22 unused Assets to reduce memory usage. Loaded Objects now: 2557.
Total: 2.378700 ms (FindLiveObjects: 0.186500 ms CreateObjectMapping: 0.072500 ms MarkObjects: 1.745600 ms  DeleteObjects: 0.373100 ms)

========================================================================
Received Prepare
Registering precompiled user dll's ...
Registered in 0.001030 seconds.
Begin MonoManager ReloadAssembly
Native extension for WindowsStandalone target not found
Refreshing native plugins compatible for Editor in 0.51 ms, found 1 plugins.
Preloading 0 native plugins for Editor in 0.00 ms.
Mono: successfully reloaded assembly
- Completed reload, in  0.886 seconds
Platform modules already initialized, skipping
Refreshing native plugins compatible for Editor in 0.56 ms, found 1 plugins.
Preloading 0 native plugins for Editor in 0.00 ms.
Unloading 1956 Unused Serialized files (Serialized files now loaded: 0)
System memory in use before: 95.2 MB.
System memory in use after: 94.6 MB.

Unloading 22 unused Assets to reduce memory usage. Loaded Objects now: 2560.
Total: 2.651900 ms (FindLiveObjects: 0.246000 ms CreateObjectMapping: 0.077700 ms MarkObjects: 1.954200 ms  DeleteObjects: 0.372900 ms)

========================================================================
Received Prepare
Registering precompiled user dll's ...
Registered in 0.001166 seconds.
Begin MonoManager ReloadAssembly
Native extension for WindowsStandalone target not found
Refreshing native plugins compatible for Editor in 0.55 ms, found 1 plugins.
Preloading 0 native plugins for Editor in 0.00 ms.
Mono: successfully reloaded assembly
- Completed reload, in  0.895 seconds
Platform modules already initialized, skipping
Refreshing native plugins compatible for Editor in 0.51 ms, found 1 plugins.
Preloading 0 native plugins for Editor in 0.00 ms.
Unloading 1956 Unused Serialized files (Serialized files now loaded: 0)
System memory in use before: 95.2 MB.
System memory in use after: 94.6 MB.

Unloading 22 unused Assets to reduce memory usage. Loaded Objects now: 2563.
Total: 2.673700 ms (FindLiveObjects: 0.242300 ms CreateObjectMapping: 0.077900 ms MarkObjects: 1.952400 ms  DeleteObjects: 0.399900 ms)

========================================================================
Received Prepare
Registering precompiled user dll's ...
Registered in 0.001367 seconds.
Begin MonoManager ReloadAssembly
Native extension for WindowsStandalone target not found
Refreshing native plugins compatible for Editor in 0.54 ms, found 1 plugins.
Preloading 0 native plugins for Editor in 0.00 ms.
Mono: successfully reloaded assembly
- Completed reload, in  0.910 seconds
Platform modules already initialized, skipping
Refreshing native plugins compatible for Editor in 0.51 ms, found 1 plugins.
Preloading 0 native plugins for Editor in 0.00 ms.
Unloading 1956 Unused Serialized files (Serialized files now loaded: 0)
System memory in use before: 95.2 MB.
System memory in use after: 94.6 MB.

Unloading 22 unused Assets to reduce memory usage. Loaded Objects now: 2566.
Total: 3.056400 ms (FindLiveObjects: 0.268500 ms CreateObjectMapping: 0.098600 ms MarkObjects: 2.289700 ms  DeleteObjects: 0.398600 ms)

========================================================================
Received Prepare
Registering precompiled user dll's ...
Registered in 0.001238 seconds.
Begin MonoManager ReloadAssembly
Native extension for WindowsStandalone target not found
Refreshing native plugins compatible for Editor in 0.54 ms, found 1 plugins.
Preloading 0 native plugins for Editor in 0.00 ms.
Mono: successfully reloaded assembly
- Completed reload, in  0.901 seconds
Platform modules already initialized, skipping
Refreshing native plugins compatible for Editor in 0.50 ms, found 1 plugins.
Preloading 0 native plugins for Editor in 0.00 ms.
Unloading 1956 Unused Serialized files (Serialized files now loaded: 0)
System memory in use before: 95.2 MB.
System memory in use after: 94.6 MB.

Unloading 22 unused Assets to reduce memory usage. Loaded Objects now: 2569.
Total: 2.614300 ms (FindLiveObjects: 0.265400 ms CreateObjectMapping: 0.081500 ms MarkObjects: 1.906900 ms  DeleteObjects: 0.359500 ms)

========================================================================
Received Prepare
Registering precompiled user dll's ...
Registered in 0.001225 seconds.
Begin MonoManager ReloadAssembly
Native extension for WindowsStandalone target not found
Refreshing native plugins compatible for Editor in 0.53 ms, found 1 plugins.
Preloading 0 native plugins for Editor in 0.00 ms.
Mono: successfully reloaded assembly
- Completed reload, in  0.892 seconds
Platform modules already initialized, skipping
Refreshing native plugins compatible for Editor in 0.51 ms, found 1 plugins.
Preloading 0 native plugins for Editor in 0.00 ms.
Unloading 1956 Unused Serialized files (Serialized files now loaded: 0)
System memory in use before: 95.2 MB.
System memory in use after: 94.7 MB.

Unloading 22 unused Assets to reduce memory usage. Loaded Objects now: 2572.
Total: 2.796600 ms (FindLiveObjects: 0.259000 ms CreateObjectMapping: 0.080400 ms MarkObjects: 2.014200 ms  DeleteObjects: 0.442100 ms)

========================================================================
Received Prepare
Registering precompiled user dll's ...
Registered in 0.001219 seconds.
Begin MonoManager ReloadAssembly
Native extension for WindowsStandalone target not found
Refreshing native plugins compatible for Editor in 0.52 ms, found 1 plugins.
Preloading 0 native plugins for Editor in 0.00 ms.
Mono: successfully reloaded assembly
- Completed reload, in  0.894 seconds
Platform modules already initialized, skipping
Refreshing native plugins compatible for Editor in 0.57 ms, found 1 plugins.
Preloading 0 native plugins for Editor in 0.00 ms.
Unloading 1956 Unused Serialized files (Serialized files now loaded: 0)
System memory in use before: 95.2 MB.
System memory in use after: 94.7 MB.

Unloading 22 unused Assets to reduce memory usage. Loaded Objects now: 2575.
Total: 2.734500 ms (FindLiveObjects: 0.273100 ms CreateObjectMapping: 0.081300 ms MarkObjects: 2.009800 ms  DeleteObjects: 0.369300 ms)

========================================================================
Received Prepare
Registering precompiled user dll's ...
Registered in 0.001149 seconds.
Begin MonoManager ReloadAssembly
Native extension for WindowsStandalone target not found
Refreshing native plugins compatible for Editor in 0.56 ms, found 1 plugins.
Preloading 0 native plugins for Editor in 0.00 ms.
Mono: successfully reloaded assembly
- Completed reload, in  0.929 seconds
Platform modules already initialized, skipping
Refreshing native plugins compatible for Editor in 0.55 ms, found 1 plugins.
Preloading 0 native plugins for Editor in 0.00 ms.
Unloading 1956 Unused Serialized files (Serialized files now loaded: 0)
System memory in use before: 95.2 MB.
System memory in use after: 94.7 MB.

Unloading 22 unused Assets to reduce memory usage. Loaded Objects now: 2578.
Total: 2.715700 ms (FindLiveObjects: 0.270800 ms CreateObjectMapping: 0.078900 ms MarkObjects: 1.956400 ms  DeleteObjects: 0.408300 ms)

========================================================================
Received Prepare
Registering precompiled user dll's ...
Registered in 0.001183 seconds.
Begin MonoManager ReloadAssembly
Native extension for WindowsStandalone target not found
Refreshing native plugins compatible for Editor in 0.56 ms, found 1 plugins.
Preloading 0 native plugins for Editor in 0.00 ms.
Mono: successfully reloaded assembly
- Completed reload, in  0.903 seconds
Platform modules already initialized, skipping
Refreshing native plugins compatible for Editor in 0.52 ms, found 1 plugins.
Preloading 0 native plugins for Editor in 0.00 ms.
Unloading 1956 Unused Serialized files (Serialized files now loaded: 0)
System memory in use before: 95.2 MB.
System memory in use after: 94.7 MB.

Unloading 22 unused Assets to reduce memory usage. Loaded Objects now: 2581.
Total: 2.485000 ms (FindLiveObjects: 0.212200 ms CreateObjectMapping: 0.079000 ms MarkObjects: 1.792000 ms  DeleteObjects: 0.400800 ms)

========================================================================
Received Prepare
Registering precompiled user dll's ...
Registered in 0.001165 seconds.
Begin MonoManager ReloadAssembly
Native extension for WindowsStandalone target not found
Refreshing native plugins compatible for Editor in 0.50 ms, found 1 plugins.
Preloading 0 native plugins for Editor in 0.00 ms.
Mono: successfully reloaded assembly
- Completed reload, in  0.907 seconds
Platform modules already initialized, skipping
Refreshing native plugins compatible for Editor in 0.51 ms, found 1 plugins.
Preloading 0 native plugins for Editor in 0.00 ms.
Unloading 1956 Unused Serialized files (Serialized files now loaded: 0)
System memory in use before: 95.2 MB.
System memory in use after: 94.7 MB.

Unloading 22 unused Assets to reduce memory usage. Loaded Objects now: 2584.
Total: 2.821400 ms (FindLiveObjects: 0.285200 ms CreateObjectMapping: 0.113600 ms MarkObjects: 2.040800 ms  DeleteObjects: 0.380700 ms)

========================================================================
Received Prepare
Registering precompiled user dll's ...
Registered in 0.001157 seconds.
Begin MonoManager ReloadAssembly
Native extension for WindowsStandalone target not found
Refreshing native plugins compatible for Editor in 0.51 ms, found 1 plugins.
Preloading 0 native plugins for Editor in 0.00 ms.
Mono: successfully reloaded assembly
- Completed reload, in  0.906 seconds
Platform modules already initialized, skipping
Refreshing native plugins compatible for Editor in 0.53 ms, found 1 plugins.
Preloading 0 native plugins for Editor in 0.00 ms.
Unloading 1956 Unused Serialized files (Serialized files now loaded: 0)
System memory in use before: 95.2 MB.
System memory in use after: 94.7 MB.

Unloading 22 unused Assets to reduce memory usage. Loaded Objects now: 2587.
Total: 2.644000 ms (FindLiveObjects: 0.265500 ms CreateObjectMapping: 0.080700 ms MarkObjects: 1.934600 ms  DeleteObjects: 0.362300 ms)

========================================================================
Received Prepare
Registering precompiled user dll's ...
Registered in 0.001286 seconds.
Begin MonoManager ReloadAssembly
Native extension for WindowsStandalone target not found
Refreshing native plugins compatible for Editor in 0.49 ms, found 1 plugins.
Preloading 0 native plugins for Editor in 0.00 ms.
Mono: successfully reloaded assembly
- Completed reload, in  0.891 seconds
Platform modules already initialized, skipping
Refreshing native plugins compatible for Editor in 0.50 ms, found 1 plugins.
Preloading 0 native plugins for Editor in 0.00 ms.
Unloading 1956 Unused Serialized files (Serialized files now loaded: 0)
System memory in use before: 95.2 MB.
System memory in use after: 94.7 MB.

Unloading 22 unused Assets to reduce memory usage. Loaded Objects now: 2590.
Total: 2.677500 ms (FindLiveObjects: 0.249900 ms CreateObjectMapping: 0.074500 ms MarkObjects: 1.964900 ms  DeleteObjects: 0.387300 ms)

========================================================================
Received Prepare
Registering precompiled user dll's ...
Registered in 0.001164 seconds.
Begin MonoManager ReloadAssembly
Native extension for WindowsStandalone target not found
Refreshing native plugins compatible for Editor in 0.50 ms, found 1 plugins.
Preloading 0 native plugins for Editor in 0.00 ms.
Mono: successfully reloaded assembly
- Completed reload, in  0.909 seconds
Platform modules already initialized, skipping
Refreshing native plugins compatible for Editor in 0.52 ms, found 1 plugins.
Preloading 0 native plugins for Editor in 0.00 ms.
Unloading 1956 Unused Serialized files (Serialized files now loaded: 0)
System memory in use before: 95.3 MB.
System memory in use after: 94.7 MB.

Unloading 22 unused Assets to reduce memory usage. Loaded Objects now: 2593.
Total: 2.682300 ms (FindLiveObjects: 0.250300 ms CreateObjectMapping: 0.075200 ms MarkObjects: 1.978900 ms  DeleteObjects: 0.377200 ms)

========================================================================
Received Prepare
Registering precompiled user dll's ...
Registered in 0.001113 seconds.
Begin MonoManager ReloadAssembly
Native extension for WindowsStandalone target not found
Refreshing native plugins compatible for Editor in 0.50 ms, found 1 plugins.
Preloading 0 native plugins for Editor in 0.00 ms.
Mono: successfully reloaded assembly
- Completed reload, in  0.884 seconds
Platform modules already initialized, skipping
Refreshing native plugins compatible for Editor in 0.54 ms, found 1 plugins.
Preloading 0 native plugins for Editor in 0.00 ms.
Unloading 1956 Unused Serialized files (Serialized files now loaded: 0)
System memory in use before: 95.3 MB.
System memory in use after: 94.7 MB.

Unloading 22 unused Assets to reduce memory usage. Loaded Objects now: 2596.
Total: 2.330900 ms (FindLiveObjects: 0.187000 ms CreateObjectMapping: 0.076700 ms MarkObjects: 1.690900 ms  DeleteObjects: 0.375500 ms)

========================================================================
Received Prepare
Registering precompiled user dll's ...
Registered in 0.001169 seconds.
Begin MonoManager ReloadAssembly
Native extension for WindowsStandalone target not found
Refreshing native plugins compatible for Editor in 0.51 ms, found 1 plugins.
Preloading 0 native plugins for Editor in 0.00 ms.
Mono: successfully reloaded assembly
- Completed reload, in  0.878 seconds
Platform modules already initialized, skipping
Refreshing native plugins compatible for Editor in 0.51 ms, found 1 plugins.
Preloading 0 native plugins for Editor in 0.00 ms.
Unloading 1956 Unused Serialized files (Serialized files now loaded: 0)
System memory in use before: 95.3 MB.
System memory in use after: 94.7 MB.

Unloading 22 unused Assets to reduce memory usage. Loaded Objects now: 2599.
Total: 2.651300 ms (FindLiveObjects: 0.202000 ms CreateObjectMapping: 0.078100 ms MarkObjects: 1.980900 ms  DeleteObjects: 0.389400 ms)

========================================================================
Received Prepare
Registering precompiled user dll's ...
Registered in 0.001167 seconds.
Begin MonoManager ReloadAssembly
Native extension for WindowsStandalone target not found
Refreshing native plugins compatible for Editor in 0.71 ms, found 1 plugins.
Preloading 0 native plugins for Editor in 0.00 ms.
Mono: successfully reloaded assembly
- Completed reload, in  0.910 seconds
Platform modules already initialized, skipping
Refreshing native plugins compatible for Editor in 0.51 ms, found 1 plugins.
Preloading 0 native plugins for Editor in 0.00 ms.
Unloading 1956 Unused Serialized files (Serialized files now loaded: 0)
System memory in use before: 95.3 MB.
System memory in use after: 94.7 MB.

Unloading 22 unused Assets to reduce memory usage. Loaded Objects now: 2602.
Total: 2.676400 ms (FindLiveObjects: 0.244900 ms CreateObjectMapping: 0.076900 ms MarkObjects: 1.940100 ms  DeleteObjects: 0.413300 ms)

========================================================================
Received Prepare
Registering precompiled user dll's ...
Registered in 0.001354 seconds.
Begin MonoManager ReloadAssembly
Native extension for WindowsStandalone target not found
Refreshing native plugins compatible for Editor in 0.58 ms, found 1 plugins.
Preloading 0 native plugins for Editor in 0.00 ms.
Mono: successfully reloaded assembly
- Completed reload, in  0.916 seconds
Platform modules already initialized, skipping
Refreshing native plugins compatible for Editor in 0.56 ms, found 1 plugins.
Preloading 0 native plugins for Editor in 0.00 ms.
Unloading 1956 Unused Serialized files (Serialized files now loaded: 0)
System memory in use before: 95.3 MB.
System memory in use after: 94.7 MB.

Unloading 22 unused Assets to reduce memory usage. Loaded Objects now: 2605.
Total: 2.369100 ms (FindLiveObjects: 0.192400 ms CreateObjectMapping: 0.073600 ms MarkObjects: 1.732300 ms  DeleteObjects: 0.370100 ms)

========================================================================
Received Prepare
Registering precompiled user dll's ...
Registered in 0.001727 seconds.
Begin MonoManager ReloadAssembly
Native extension for WindowsStandalone target not found
Refreshing native plugins compatible for Editor in 0.71 ms, found 1 plugins.
Preloading 0 native plugins for Editor in 0.00 ms.
Mono: successfully reloaded assembly
- Completed reload, in  0.938 seconds
Platform modules already initialized, skipping
Refreshing native plugins compatible for Editor in 0.50 ms, found 1 plugins.
Preloading 0 native plugins for Editor in 0.00 ms.
Unloading 1956 Unused Serialized files (Serialized files now loaded: 0)
System memory in use before: 95.3 MB.
System memory in use after: 94.8 MB.

Unloading 22 unused Assets to reduce memory usage. Loaded Objects now: 2608.
Total: 3.560800 ms (FindLiveObjects: 0.265300 ms CreateObjectMapping: 0.135500 ms MarkObjects: 2.770900 ms  DeleteObjects: 0.370700 ms)

========================================================================
Received Prepare
Registering precompiled user dll's ...
Registered in 0.001339 seconds.
Begin MonoManager ReloadAssembly
Native extension for WindowsStandalone target not found
Refreshing native plugins compatible for Editor in 0.54 ms, found 1 plugins.
Preloading 0 native plugins for Editor in 0.00 ms.
Mono: successfully reloaded assembly
- Completed reload, in  0.885 seconds
Platform modules already initialized, skipping
Refreshing native plugins compatible for Editor in 0.53 ms, found 1 plugins.
Preloading 0 native plugins for Editor in 0.00 ms.
Unloading 1956 Unused Serialized files (Serialized files now loaded: 0)
System memory in use before: 95.3 MB.
System memory in use after: 94.8 MB.

Unloading 22 unused Assets to reduce memory usage. Loaded Objects now: 2611.
Total: 2.761400 ms (FindLiveObjects: 0.273000 ms CreateObjectMapping: 0.080400 ms MarkObjects: 2.040200 ms  DeleteObjects: 0.366600 ms)

========================================================================
Received Prepare
Registering precompiled user dll's ...
Registered in 0.001269 seconds.
Begin MonoManager ReloadAssembly
Native extension for WindowsStandalone target not found
Refreshing native plugins compatible for Editor in 0.71 ms, found 1 plugins.
Preloading 0 native plugins for Editor in 0.00 ms.
Mono: successfully reloaded assembly
- Completed reload, in  0.895 seconds
Platform modules already initialized, skipping
Refreshing native plugins compatible for Editor in 0.66 ms, found 1 plugins.
Preloading 0 native plugins for Editor in 0.00 ms.
Unloading 1956 Unused Serialized files (Serialized files now loaded: 0)
System memory in use before: 95.3 MB.
System memory in use after: 94.8 MB.

Unloading 22 unused Assets to reduce memory usage. Loaded Objects now: 2614.
Total: 3.243500 ms (FindLiveObjects: 0.337400 ms CreateObjectMapping: 0.218900 ms MarkObjects: 2.249300 ms  DeleteObjects: 0.436100 ms)

========================================================================
Received Prepare
Registering precompiled user dll's ...
Registered in 0.001404 seconds.
Begin MonoManager ReloadAssembly
Native extension for WindowsStandalone target not found
Refreshing native plugins compatible for Editor in 0.52 ms, found 1 plugins.
Preloading 0 native plugins for Editor in 0.00 ms.
Mono: successfully reloaded assembly
- Completed reload, in  0.896 seconds
Platform modules already initialized, skipping
Refreshing native plugins compatible for Editor in 0.57 ms, found 1 plugins.
Preloading 0 native plugins for Editor in 0.00 ms.
Unloading 1956 Unused Serialized files (Serialized files now loaded: 0)
System memory in use before: 95.3 MB.
System memory in use after: 94.8 MB.

Unloading 22 unused Assets to reduce memory usage. Loaded Objects now: 2617.
Total: 2.716600 ms (FindLiveObjects: 0.250500 ms CreateObjectMapping: 0.074900 ms MarkObjects: 1.967800 ms  DeleteObjects: 0.422500 ms)

========================================================================
Received Prepare
Registering precompiled user dll's ...
Registered in 0.001168 seconds.
Begin MonoManager ReloadAssembly
Native extension for WindowsStandalone target not found
Refreshing native plugins compatible for Editor in 0.52 ms, found 1 plugins.
Preloading 0 native plugins for Editor in 0.00 ms.
Mono: successfully reloaded assembly
- Completed reload, in  0.918 seconds
Platform modules already initialized, skipping
Refreshing native plugins compatible for Editor in 0.52 ms, found 1 plugins.
Preloading 0 native plugins for Editor in 0.00 ms.
Unloading 1956 Unused Serialized files (Serialized files now loaded: 0)
System memory in use before: 95.3 MB.
System memory in use after: 94.8 MB.

Unloading 22 unused Assets to reduce memory usage. Loaded Objects now: 2620.
Total: 3.204600 ms (FindLiveObjects: 0.296000 ms CreateObjectMapping: 0.140000 ms MarkObjects: 2.339300 ms  DeleteObjects: 0.428300 ms)

========================================================================
Received Prepare
Registering precompiled user dll's ...
Registered in 0.001854 seconds.
Begin MonoManager ReloadAssembly
Native extension for WindowsStandalone target not found
Refreshing native plugins compatible for Editor in 0.77 ms, found 1 plugins.
Preloading 0 native plugins for Editor in 0.00 ms.
Mono: successfully reloaded assembly
- Completed reload, in  1.222 seconds
Platform modules already initialized, skipping
Refreshing native plugins compatible for Editor in 0.85 ms, found 1 plugins.
Preloading 0 native plugins for Editor in 0.00 ms.
Unloading 1956 Unused Serialized files (Serialized files now loaded: 0)
System memory in use before: 95.3 MB.
System memory in use after: 94.8 MB.

Unloading 22 unused Assets to reduce memory usage. Loaded Objects now: 2623.
Total: 3.395600 ms (FindLiveObjects: 0.273200 ms CreateObjectMapping: 0.161800 ms MarkObjects: 2.580500 ms  DeleteObjects: 0.379000 ms)

AssetImportWorkerClient::OnTransportError - code=2 error=End of file
